"E:/FinalProject/GoldMaster/LadyGM/Content/Maps/defaultPolygonShader.uasset" 0
"E:/FinalProject/GoldMaster/LadyGM/Content/Audio/PickupDroplet.uasset" 1
"E:/FinalProject/GoldMaster/LadyGM/Content/Audio/PickupHealth.uasset" 2
"E:/FinalProject/GoldMaster/LadyGM/Content/Audio/PlayerJumpsInWater.uasset" 3
"../../../Engine/Content/Animation/DefaultAnimBoneCompressionSettings.uasset" 4
"E:/FinalProject/GoldMaster/LadyGM/Content/MyParticleSystems/AnimTrails/Mat_AnimTrails.uasset" 5
"E:/FinalProject/GoldMaster/LadyGM/Content/MyParticleSystems/AnimTrails/P_FlyingAnimTrail.uasset" 6
"E:/FinalProject/GoldMaster/LadyGM/Content/Player/Animations/PlayerReferencePose_Skeleton.uasset" 7
"E:/FinalProject/GoldMaster/LadyGM/Content/Player/Animations/PlayerDoubleJump.uasset" 8
"E:/FinalProject/GoldMaster/LadyGM/Content/Player/Animations/PlayerJumpDown.uasset" 9
"E:/FinalProject/GoldMaster/LadyGM/Content/Player/Animations/PlayerJumpIdle.uasset" 10
"E:/FinalProject/GoldMaster/LadyGM/Content/Player/Animations/PlayerJumpUp.uasset" 11
"E:/FinalProject/GoldMaster/LadyGM/Content/Player/Animations/PlayerIdleCHand.uasset" 12
"E:/FinalProject/GoldMaster/LadyGM/Content/Audio/PlayerFootstep.uasset" 13
"E:/FinalProject/GoldMaster/LadyGM/Content/Audio/PlayerFootstepCue.uasset" 14
"E:/FinalProject/GoldMaster/LadyGM/Content/Player/Animations/PlayerRunCHand.uasset" 15
"E:/FinalProject/GoldMaster/LadyGM/Content/Player/Animations/PlayerWalk.uasset" 16
"E:/FinalProject/GoldMaster/LadyGM/Content/Player/PlayerIdleWalkRun_BlendSpace.uasset" 17
"E:/FinalProject/GoldMaster/LadyGM/Content/Player/MainAnimBlueprint_BP.uasset" 18
"E:/FinalProject/GoldMaster/LadyGM/Content/Player/Animations/PlayerAirMelee.uasset" 19
"E:/FinalProject/GoldMaster/LadyGM/Content/Player/Animations/PlayerAirShoot.uasset" 20
"E:/FinalProject/GoldMaster/LadyGM/Content/Player/Animations/PlayerAttack.uasset" 21
"E:/FinalProject/GoldMaster/LadyGM/Content/Player/Animations/PlayerAttack2.uasset" 22
"E:/FinalProject/GoldMaster/LadyGM/Content/Audio/DeathPlayer.uasset" 23
"E:/FinalProject/GoldMaster/LadyGM/Content/Audio/LadySoundClass.uasset" 24
"E:/FinalProject/GoldMaster/LadyGM/Content/Audio/DeathPlayerCue.uasset" 25
"E:/FinalProject/GoldMaster/LadyGM/Content/Player/Animations/PlayerDeath__2_.uasset" 26
"E:/FinalProject/GoldMaster/LadyGM/Content/Player/Animations/PlayerMelee1__2_.uasset" 27
"E:/FinalProject/GoldMaster/LadyGM/Content/Audio/MeleeSwing.uasset" 28
"E:/FinalProject/GoldMaster/LadyGM/Content/Audio/MeleeSwingCue.uasset" 29
"E:/FinalProject/GoldMaster/LadyGM/Content/MyParticleSystems/AnimTrails/P_MeleeAnimTrail.uasset" 30
"E:/FinalProject/GoldMaster/LadyGM/Content/Player/Animations/PlayerAttack_Montage.uasset" 31
"../../../Engine/Content/EditorBlueprintResources/StandardMacros.uasset" 32
"E:/FinalProject/GoldMaster/LadyGM/Content/Audio/DeathEnemy.uasset" 33
"E:/FinalProject/GoldMaster/LadyGM/Content/Audio/DeathEnemyCue.uasset" 34
"E:/FinalProject/GoldMaster/LadyGM/Content/Boss/Boss/Mesh/BossReference_Skeleton.uasset" 35
"E:/FinalProject/GoldMaster/LadyGM/Content/Boss/Boss/Mesh/BossDeath.uasset" 36
"E:/FinalProject/GoldMaster/LadyGM/Content/Boss/Boss/Mesh/BossDeath__1_.uasset" 37
"E:/FinalProject/GoldMaster/LadyGM/Content/Boss/Boss/Mesh/BossMeleeAttack.uasset" 38
"E:/FinalProject/GoldMaster/LadyGM/Content/Boss/Boss/Mesh/BossDeathMontage.uasset" 39
"E:/FinalProject/GoldMaster/LadyGM/Content/Boss/Boss/Mesh/BossChannelIdle.uasset" 40
"E:/FinalProject/GoldMaster/LadyGM/Content/Boss/Boss/Mesh/BossInAir_Rotate.uasset" 41
"E:/FinalProject/GoldMaster/LadyGM/Content/Audio/BossJump.uasset" 42
"E:/FinalProject/GoldMaster/LadyGM/Content/Audio/BossJumpCue.uasset" 43
"E:/FinalProject/GoldMaster/LadyGM/Content/Boss/Boss/Mesh/BossJump_Up.uasset" 44
"E:/FinalProject/GoldMaster/LadyGM/Content/Boss/Boss/Mesh/BossJumpLand.uasset" 45
"E:/FinalProject/GoldMaster/LadyGM/Content/Boss/Boss/Mesh/BossStunnedIdle.uasset" 46
"E:/FinalProject/GoldMaster/LadyGM/Content/Boss/Boss/Mesh/BossIdle.uasset" 47
"E:/FinalProject/GoldMaster/LadyGM/Content/Boss/Boss/Mesh/BossWalk.uasset" 48
"E:/FinalProject/GoldMaster/LadyGM/Content/Boss/Boss/IdleWalkBlendSpace.uasset" 49
"E:/FinalProject/GoldMaster/LadyGM/Content/Boss/Boss/BossAnim_BP.uasset" 50
"../../../Engine/Content/BasicShapes/BasicShapeMaterial.uasset" 51
"../../../Engine/Content/Functions/Engine_MaterialFunctions01/Opacity/CameraDepthFade.uasset" 52
"../../../Engine/Content/EngineMaterials/T_Default_Material_Grid_M.uasset" 53
"../../../Engine/Content/EngineMaterials/T_Default_Material_Grid_N.uasset" 54
"../../../Engine/Content/EngineMaterials/DefaultMaterial.uasset" 55
"../../../Engine/Content/BasicShapes/Sphere.uasset" 56
"E:/FinalProject/GoldMaster/LadyGM/Content/Boss/Boss/BossProjectile_BP.uasset" 57
"E:/FinalProject/GoldMaster/LadyGM/Content/Boss/Boss/Mesh/BossTex_m_BodyBoss_BaseColor.uasset" 58
"E:/FinalProject/GoldMaster/LadyGM/Content/Boss/Boss/Mesh/BossTex_m_BodyBoss_Normal.uasset" 59
"E:/FinalProject/GoldMaster/LadyGM/Content/Boss/Boss/Mesh/BossTex_m_BodyBoss_OcclusionRoughnessMetallic.uasset" 60
"E:/FinalProject/GoldMaster/LadyGM/Content/Boss/Boss/Mesh/m_BodyBossColorChange.uasset" 61
"E:/FinalProject/GoldMaster/LadyGM/Content/Boss/Boss/Mesh/m_BodyBossColorChange_Inst.uasset" 62
"E:/FinalProject/GoldMaster/LadyGM/Content/Audio/MeleeHit.uasset" 63
"E:/FinalProject/GoldMaster/LadyGM/Content/Audio/MeleeHitCue.uasset" 64
"E:/FinalProject/GoldMaster/LadyGM/Content/Boss/Boss/Mesh/m_BodyBoss.uasset" 65
"E:/FinalProject/GoldMaster/LadyGM/Content/Boss/Boss/Mesh/BossTex_m_WingsBoss_BaseColor.uasset" 66
"E:/FinalProject/GoldMaster/LadyGM/Content/Boss/Boss/Mesh/BossTex_m_WingsBoss_Normal.uasset" 67
"E:/FinalProject/GoldMaster/LadyGM/Content/Boss/Boss/Mesh/BossTex_m_WingsBoss_OcclusionRoughnessMetallic.uasset" 68
"E:/FinalProject/GoldMaster/LadyGM/Content/Boss/Boss/Mesh/m_WingsBoss.uasset" 69
"E:/FinalProject/GoldMaster/LadyGM/Content/Boss/Boss/Mesh/BossReference_PhysicsAsset.uasset" 70
"E:/FinalProject/GoldMaster/LadyGM/Content/Boss/Boss/Mesh/BossReference.uasset" 71
"../../../Engine/Content/Functions/Engine_MaterialFunctions02/Utility/VectorToRadialValue.uasset" 72
"E:/FinalProject/GoldMaster/LadyGM/Content/Geometry/Textures/Particle/Line_Gradient.uasset" 73
"E:/FinalProject/GoldMaster/LadyGM/Content/Geometry/Textures/Particle/LineDrip.uasset" 74
"E:/FinalProject/GoldMaster/LadyGM/Content/Geometry/Textures/Particle/SmokeGradient.uasset" 75
"E:/FinalProject/GoldMaster/LadyGM/Content/Geometry/Textures/Particle/Starburst.uasset" 76
"E:/FinalProject/GoldMaster/LadyGM/Content/Geometry/Materials/Patricle_MAts/M_Burst.uasset" 77
"E:/FinalProject/GoldMaster/LadyGM/Content/Particles/P_Melee.uasset" 78
"E:/FinalProject/GoldMaster/LadyGM/Content/Geometry/Textures/Particle/ParticleSmoke2.uasset" 79
"E:/FinalProject/GoldMaster/LadyGM/Content/Geometry/Textures/Particle/ParticleSmoke3.uasset" 80
"E:/FinalProject/GoldMaster/LadyGM/Content/Geometry/Materials/Patricle_MAts/Smoke.uasset" 81
"E:/FinalProject/GoldMaster/LadyGM/Content/Particles/P_SmokeCloud.uasset" 82
"E:/FinalProject/GoldMaster/LadyGM/Content/Boss/Boss/Boss_BP.uasset" 83
"E:/FinalProject/GoldMaster/LadyGM/Content/Enemies/Ranged/Old/Animations/RangedEnemyCorrectionReferencePose_Skeleton.uasset" 84
"E:/FinalProject/GoldMaster/LadyGM/Content/Enemies/Ranged/Old/Animations/RangedEnemyAttack_-_Copy.uasset" 85
"E:/FinalProject/GoldMaster/LadyGM/Content/Enemies/Ranged/Animations/RangedEnemyAttack_-_Copy.uasset" 86
"E:/FinalProject/GoldMaster/LadyGM/Content/Enemies/Ranged/Old/Animations/RangedEnemyCorrectionReferencePose_Anim.uasset" 87
"E:/FinalProject/GoldMaster/LadyGM/Content/Enemies/Ranged/Animations/RangedEnemyCorrectionReferencePose_Anim.uasset" 88
"E:/FinalProject/GoldMaster/LadyGM/Content/Enemies/Ranged/Animations/RangedEnemyCorrectionReferencePose_Skeleton.uasset" 89
"E:/FinalProject/GoldMaster/LadyGM/Content/Enemies/Ranged/Old/RangedCombatMontage.uasset" 90
"E:/FinalProject/GoldMaster/LadyGM/Content/Enemies/Ranged/untitledTest_Skeleton.uasset" 91
"E:/FinalProject/GoldMaster/LadyGM/Content/Enemies/Ranged/RangedEnemyIdle.uasset" 92
"E:/FinalProject/GoldMaster/LadyGM/Content/Boss/BossAdds/NewBossAddAnim_BP.uasset" 93
"E:/FinalProject/GoldMaster/LadyGM/Content/Enemies/Ranged/RangedEnemyDeath.uasset" 94
"E:/FinalProject/GoldMaster/LadyGM/Content/Enemies/Ranged/RangedEnemyDeath__1_.uasset" 95
"E:/FinalProject/GoldMaster/LadyGM/Content/Enemies/Ranged/RangedFixedPivotAttack.uasset" 96
"E:/FinalProject/GoldMaster/LadyGM/Content/Enemies/Ranged/NewRangedEnemyCombatMontage.uasset" 97
"E:/FinalProject/GoldMaster/LadyGM/Content/Enemies/Green_Test.uasset" 98
"E:/FinalProject/GoldMaster/LadyGM/Content/Enemies/LeafProjectile__2_.uasset" 99
"E:/FinalProject/GoldMaster/LadyGM/Content/Particles/P_Enemy_Shot.uasset" 100
"E:/FinalProject/GoldMaster/LadyGM/Content/Player/SFX/PlayerDamage.uasset" 101
"E:/FinalProject/GoldMaster/LadyGM/Content/Player/SFX/PlayerDamage_Cue.uasset" 102
"E:/FinalProject/GoldMaster/LadyGM/Content/Enemies/EnemyProjectile_BP.uasset" 103
"E:/FinalProject/GoldMaster/LadyGM/Content/Audio/PickupHealth2.uasset" 104
"E:/FinalProject/GoldMaster/LadyGM/Content/Audio/PickupHealthCue.uasset" 105
"E:/FinalProject/GoldMaster/LadyGM/Content/Geometry/Materials/M_HeartPickup.uasset" 106
"E:/FinalProject/GoldMaster/LadyGM/Content/Geometry/Meshes/SM_Heart.uasset" 107
"../../../Engine/Content/Functions/Engine_MaterialFunctions01/Density/ExponentialDensity.uasset" 108
"../../../Engine/Content/Functions/Engine_MaterialFunctions01/Gradient/RadialGradientExponential.uasset" 109
"../../../Engine/Content/Functions/Engine_MaterialFunctions02/Utility/BreakOutFloat2Components.uasset" 110
"../../../Engine/Content/Functions/Engine_MaterialFunctions01/Texturing/ScaleUVsByCenter.uasset" 111
"E:/FinalProject/GoldMaster/LadyGM/Content/Geometry/Materials/Patricle_MAts/M_HealthPickup.uasset" 112
"E:/FinalProject/GoldMaster/LadyGM/Content/Particles/P_Health.uasset" 113
"../../../Engine/Content/EngineResources/Black.uasset" 114
"E:/FinalProject/GoldMaster/LadyGM/Content/Particles/M_Add_Sprite_Master_DepthFade.uasset" 115
"E:/FinalProject/GoldMaster/LadyGM/Content/Particles/T_starFlare_01.uasset" 116
"E:/FinalProject/GoldMaster/LadyGM/Content/Particles/M_Flare_01_INST.uasset" 117
"E:/FinalProject/GoldMaster/LadyGM/Content/Particles/T_SoftFallOff.uasset" 118
"E:/FinalProject/GoldMaster/LadyGM/Content/Particles/M_Flare_03_INST.uasset" 119
"E:/FinalProject/GoldMaster/LadyGM/Content/Particles/P_Health_Idle_Loop.uasset" 120
"E:/FinalProject/GoldMaster/LadyGM/Content/Interactables/HealthPickup_BP.uasset" 121
"E:/FinalProject/GoldMaster/LadyGM/Content/Geometry/Textures/WaterDrop/SM_WaterDrop_1001_BaseColor.uasset" 122
"E:/FinalProject/GoldMaster/LadyGM/Content/Geometry/Textures/WaterDrop/SM_WaterDrop_1001_Emissive.uasset" 123
"E:/FinalProject/GoldMaster/LadyGM/Content/Geometry/Textures/WaterDrop/SM_WaterDrop_1001_Metallic.uasset" 124
"E:/FinalProject/GoldMaster/LadyGM/Content/Geometry/Textures/WaterDrop/SM_WaterDrop_1001_Normal.uasset" 125
"E:/FinalProject/GoldMaster/LadyGM/Content/Geometry/Textures/WaterDrop/SM_WaterDrop_1001_Roughness.uasset" 126
"E:/FinalProject/GoldMaster/LadyGM/Content/Geometry/Materials/SM_WaterDrop_1001_BaseColor_Mat.uasset" 127
"E:/FinalProject/GoldMaster/LadyGM/Content/Audio/PickupDroplet2.uasset" 128
"E:/FinalProject/GoldMaster/LadyGM/Content/Audio/PickupDropletCue.uasset" 129
"E:/FinalProject/GoldMaster/LadyGM/Content/Geometry/Meshes/defaultPolygonShader.uasset" 130
"E:/FinalProject/GoldMaster/LadyGM/Content/Geometry/Meshes/SM_WaterDrop.uasset" 131
"E:/FinalProject/GoldMaster/LadyGM/Content/Geometry/Materials/Patricle_MAts/M_WaterPickup.uasset" 132
"E:/FinalProject/GoldMaster/LadyGM/Content/Particles/P_Water.uasset" 133
"E:/FinalProject/GoldMaster/LadyGM/Content/Particles/P_Water_Idle_Loop.uasset" 134
"E:/FinalProject/GoldMaster/LadyGM/Content/Interactables/WaterPickUp_BP.uasset" 135
"E:/FinalProject/GoldMaster/LadyGM/Content/Enemies/Ranged/SourceImages/RangedEnemyMoreTris_m_BodyRanged_BaseColor.uasset" 136
"E:/FinalProject/GoldMaster/LadyGM/Content/Enemies/Ranged/SourceImages/RangedEnemyMoreTris_m_BodyRanged_Normal.uasset" 137
"E:/FinalProject/GoldMaster/LadyGM/Content/Enemies/Ranged/SourceImages/RangedEnemyMoreTris_m_BodyRanged_OcclusionRoughnessMetallic.uasset" 138
"E:/FinalProject/GoldMaster/LadyGM/Content/Enemies/Ranged/Materials/m_BodyRanged.uasset" 139
"E:/FinalProject/GoldMaster/LadyGM/Content/Enemies/Ranged/SourceImages/RangedEnemyMoreTris_m_EyesRanged_BaseColor.uasset" 140
"E:/FinalProject/GoldMaster/LadyGM/Content/Enemies/Ranged/SourceImages/RangedEnemyMoreTris_m_EyesRanged_Normal.uasset" 141
"E:/FinalProject/GoldMaster/LadyGM/Content/Enemies/Ranged/SourceImages/RangedEnemyMoreTris_m_EyesRanged_OcclusionRoughnessMetallic.uasset" 142
"E:/FinalProject/GoldMaster/LadyGM/Content/Enemies/Ranged/Materials/m_EyesRanged.uasset" 143
"E:/FinalProject/GoldMaster/LadyGM/Content/Enemies/Ranged/SourceImages/RangedEnemyMoreTris_m_PetalRanged_BaseColor.uasset" 144
"E:/FinalProject/GoldMaster/LadyGM/Content/Enemies/Ranged/SourceImages/RangedEnemyMoreTris_m_PetalRanged_Normal.uasset" 145
"E:/FinalProject/GoldMaster/LadyGM/Content/Enemies/Ranged/SourceImages/RangedEnemyMoreTris_m_PetalRanged_OcclusionRoughnessMetallic.uasset" 146
"E:/FinalProject/GoldMaster/LadyGM/Content/Enemies/Ranged/Materials/m_PetalRanged.uasset" 147
"E:/FinalProject/GoldMaster/LadyGM/Content/Enemies/Ranged/SourceImages/m_BodyRanged.uasset" 148
"E:/FinalProject/GoldMaster/LadyGM/Content/Enemies/Ranged/SourceImages/m_EyesRanged.uasset" 149
"E:/FinalProject/GoldMaster/LadyGM/Content/Enemies/Ranged/SourceImages/m_PetalRanged.uasset" 150
"E:/FinalProject/GoldMaster/LadyGM/Content/Enemies/Ranged/untitledTest_PhysicsAsset.uasset" 151
"E:/FinalProject/GoldMaster/LadyGM/Content/Enemies/Ranged/untitledTest.uasset" 152
"E:/FinalProject/GoldMaster/LadyGM/Content/Boss/BossAdds/BossAdd_BP.uasset" 153
"E:/FinalProject/GoldMaster/LadyGM/Content/Enemies/Melee/Animations/MeleeEnemyReferencePose_Skeleton.uasset" 154
"E:/FinalProject/GoldMaster/LadyGM/Content/Enemies/Melee/Animations/MeleeDeath.uasset" 155
"E:/FinalProject/GoldMaster/LadyGM/Content/Enemies/Melee/Animations/MeleeEnemyAttack.uasset" 156
"E:/FinalProject/GoldMaster/LadyGM/Content/Enemies/Melee/Animations/MeleeEnemyDeath.uasset" 157
"E:/FinalProject/GoldMaster/LadyGM/Content/Enemies/Melee/MeleeCombatMontage.uasset" 158
"E:/FinalProject/GoldMaster/LadyGM/Content/Enemies/Melee/Animations/MeleeEnemyIdle__1_.uasset" 159
"E:/FinalProject/GoldMaster/LadyGM/Content/Enemies/Melee/Animations/MeleeEnemyWalk.uasset" 160
"E:/FinalProject/GoldMaster/LadyGM/Content/Enemies/Melee/MeleeEnemyIdleWalk_BlendSpace.uasset" 161
"E:/FinalProject/GoldMaster/LadyGM/Content/Enemies/Melee/MeleeEnemyAnim_BP.uasset" 162
"../../../Engine/Content/Functions/Engine_MaterialFunctions01/Gradient/LinearGradient.uasset" 163
"../../../Engine/Content/Functions/Engine_MaterialFunctions01/Gradient/DiamondGradient.uasset" 164
"E:/FinalProject/GoldMaster/LadyGM/Content/Geometry/Materials/Patricle_MAts/Dimond.uasset" 165
"E:/FinalProject/GoldMaster/LadyGM/Content/Geometry/Materials/Patricle_MAts/Dot.uasset" 166
"E:/FinalProject/GoldMaster/LadyGM/Content/Geometry/Textures/Particle/ParticleCircle.uasset" 167
"E:/FinalProject/GoldMaster/LadyGM/Content/Geometry/Materials/Patricle_MAts/TeleportMat.uasset" 168
"E:/FinalProject/GoldMaster/LadyGM/Content/Particles/P_OrbCloud.uasset" 169
"E:/FinalProject/GoldMaster/LadyGM/Content/Player/CheckpointsAndTeleporter/GardenToSandboxTeleporter_BP.uasset" 170
"E:/FinalProject/GoldMaster/LadyGM/Content/Enemies/Melee/SourceImages/MeleeEnemyMoreTris_m_BodyMelee_BaseColor.uasset" 171
"E:/FinalProject/GoldMaster/LadyGM/Content/Enemies/Melee/SourceImages/MeleeEnemyMoreTris_m_BodyMelee_Normal.uasset" 172
"E:/FinalProject/GoldMaster/LadyGM/Content/Enemies/Melee/SourceImages/MeleeEnemyMoreTris_m_BodyMelee_OcclusionRoughnessMetallic.uasset" 173
"E:/FinalProject/GoldMaster/LadyGM/Content/Enemies/Melee/Materials/MeleeBodyColorChange.uasset" 174
"E:/FinalProject/GoldMaster/LadyGM/Content/Enemies/Melee/Materials/MeleeBodyColorChange_Inst.uasset" 175
"E:/FinalProject/GoldMaster/LadyGM/Content/Enemies/Melee/Materials/MeleeBody.uasset" 176
"E:/FinalProject/GoldMaster/LadyGM/Content/Enemies/Melee/SourceImages/MeleeEnemyMoreTris_m_EyesMelee_BaseColor.uasset" 177
"E:/FinalProject/GoldMaster/LadyGM/Content/Enemies/Melee/SourceImages/MeleeEnemyMoreTris_m_EyesMelee_Normal.uasset" 178
"E:/FinalProject/GoldMaster/LadyGM/Content/Enemies/Melee/SourceImages/MeleeEnemyMoreTris_m_EyesMelee_OcclusionRoughnessMetallic.uasset" 179
"E:/FinalProject/GoldMaster/LadyGM/Content/Enemies/Melee/Materials/MeleeEyes.uasset" 180
"E:/FinalProject/GoldMaster/LadyGM/Content/Enemies/Melee/SourceImages/MeleeEnemyMoreTris_m_LeafMelee_BaseColor.uasset" 181
"E:/FinalProject/GoldMaster/LadyGM/Content/Enemies/Melee/SourceImages/MeleeEnemyMoreTris_m_LeafMelee_Normal.uasset" 182
"E:/FinalProject/GoldMaster/LadyGM/Content/Enemies/Melee/SourceImages/MeleeEnemyMoreTris_m_LeafMelee_OcclusionRoughnessMetallic.uasset" 183
"E:/FinalProject/GoldMaster/LadyGM/Content/Enemies/Melee/Materials/MeleeLeaf.uasset" 184
"E:/FinalProject/GoldMaster/LadyGM/Content/Enemies/Melee/Animations/MeleeEnemyReferencePose_PhysicsAsset.uasset" 185
"E:/FinalProject/GoldMaster/LadyGM/Content/Enemies/Melee/MeleeEnemyReferencePose_PhysicsAsset.uasset" 186
"E:/FinalProject/GoldMaster/LadyGM/Content/Enemies/Melee/MeleeEnemyReferencePose_Skeleton.uasset" 187
"E:/FinalProject/GoldMaster/LadyGM/Content/Enemies/Melee/Mesh/MeleeEnemyReferencePose.uasset" 188
"E:/FinalProject/GoldMaster/LadyGM/Content/Enemies/Melee/MeleeEnemy_BP.uasset" 189
"E:/FinalProject/GoldMaster/LadyGM/Content/Enemies/Ranged/RangedFixedPivotWalk.uasset" 190
"E:/FinalProject/GoldMaster/LadyGM/Content/Enemies/Ranged/RangedEnemyIdleWalk.uasset" 191
"E:/FinalProject/GoldMaster/LadyGM/Content/Enemies/Ranged/NewRangedEnemyAnim_BP.uasset" 192
"E:/FinalProject/GoldMaster/LadyGM/Content/Enemies/Ranged/Materials/m_BodyRangedColorChange.uasset" 193
"E:/FinalProject/GoldMaster/LadyGM/Content/Enemies/Ranged/Materials/m_BodyRangedColorChange_Inst.uasset" 194
"E:/FinalProject/GoldMaster/LadyGM/Content/Enemies/Ranged/RangedEnemy_BP.uasset" 195
"E:/FinalProject/GoldMaster/LadyGM/Content/Interactables/Seed/Seed_Mesh_initialShadingGroup_BaseColor.uasset" 196
"E:/FinalProject/GoldMaster/LadyGM/Content/Interactables/Seed/Seed_Mesh_initialShadingGroup_Metallic.uasset" 197
"E:/FinalProject/GoldMaster/LadyGM/Content/Interactables/Seed/Seed_Mesh_initialShadingGroup_Normal.uasset" 198
"E:/FinalProject/GoldMaster/LadyGM/Content/Interactables/Seed/Seed_Mesh_initialShadingGroup_Roughness.uasset" 199
"E:/FinalProject/GoldMaster/LadyGM/Content/Interactables/Seed/Seed_Textures.uasset" 200
"E:/FinalProject/GoldMaster/LadyGM/Content/Interactables/Seed/Seed_Mesh.uasset" 201
"E:/FinalProject/GoldMaster/LadyGM/Content/Particles/T_starFlare_02.uasset" 202
"E:/FinalProject/GoldMaster/LadyGM/Content/Particles/M_Add_Sprite_Master_DepthFade_Inst.uasset" 203
"E:/FinalProject/GoldMaster/LadyGM/Content/Particles/P_SeedTrail.uasset" 204
"E:/FinalProject/GoldMaster/LadyGM/Content/Particles/P_Shot.uasset" 205
"E:/FinalProject/GoldMaster/LadyGM/Content/Player/Projectile_BP.uasset" 206
"E:/FinalProject/GoldMaster/LadyGM/Content/Audio/PlayerJump.uasset" 207
"E:/FinalProject/GoldMaster/LadyGM/Content/Audio/PlayerJumpCue.uasset" 208
"E:/FinalProject/GoldMaster/LadyGM/Content/Geometry/Textures/Particle/Noise.uasset" 209
"E:/FinalProject/GoldMaster/LadyGM/Content/Geometry/Textures/Particle/Noise2.uasset" 210
"E:/FinalProject/GoldMaster/LadyGM/Content/Geometry/Textures/Particle/NoiseNormal.uasset" 211
"E:/FinalProject/GoldMaster/LadyGM/Content/Geometry/Materials/Patricle_MAts/M_Dust.uasset" 212
"E:/FinalProject/GoldMaster/LadyGM/Content/Geometry/Materials/Patricle_MAts/M_Dust_Inst.uasset" 213
"E:/FinalProject/GoldMaster/LadyGM/Content/Particles/P_Enemy_Melee.uasset" 214
"E:/FinalProject/GoldMaster/LadyGM/Content/Player/SourceImages/test_m_BodyPlayer_BaseColor.uasset" 215
"E:/FinalProject/GoldMaster/LadyGM/Content/Player/SourceImages/test_m_BodyPlayer_Normal.uasset" 216
"E:/FinalProject/GoldMaster/LadyGM/Content/Player/SourceImages/test_m_BodyPlayer_OcclusionRoughnessMetallic.uasset" 217
"E:/FinalProject/GoldMaster/LadyGM/Content/Player/Materials/m_BodyPlayer.uasset" 218
"E:/FinalProject/GoldMaster/LadyGM/Content/Player/SourceImages/test_m_EyesPlayer_BaseColor.uasset" 219
"E:/FinalProject/GoldMaster/LadyGM/Content/Player/SourceImages/test_m_EyesPlayer_Normal.uasset" 220
"E:/FinalProject/GoldMaster/LadyGM/Content/Player/SourceImages/test_m_EyesPlayer_OcclusionRoughnessMetallic.uasset" 221
"E:/FinalProject/GoldMaster/LadyGM/Content/Player/Materials/m_EyesPlayer.uasset" 222
"E:/FinalProject/GoldMaster/LadyGM/Content/Player/SourceImages/test_m_MouthPlayer_BaseColor.uasset" 223
"E:/FinalProject/GoldMaster/LadyGM/Content/Player/SourceImages/test_m_MouthPlayer_Normal.uasset" 224
"E:/FinalProject/GoldMaster/LadyGM/Content/Player/SourceImages/test_m_MouthPlayer_OcclusionRoughnessMetallic.uasset" 225
"E:/FinalProject/GoldMaster/LadyGM/Content/Player/Materials/m_MouthPlayer.uasset" 226
"E:/FinalProject/GoldMaster/LadyGM/Content/Player/SourceImages/test_m_ShellPlayer_BaseColor.uasset" 227
"E:/FinalProject/GoldMaster/LadyGM/Content/Player/SourceImages/test_m_ShellPlayer_Normal.uasset" 228
"E:/FinalProject/GoldMaster/LadyGM/Content/Player/SourceImages/test_m_ShellPlayer_OcclusionRoughnessMetallic.uasset" 229
"E:/FinalProject/GoldMaster/LadyGM/Content/Player/Materials/m_ShellPlayer.uasset" 230
"E:/FinalProject/GoldMaster/LadyGM/Content/Player/SourceImages/test_m_WingsPlayer_BaseColor.uasset" 231
"E:/FinalProject/GoldMaster/LadyGM/Content/Player/SourceImages/test_m_WingsPlayer_Normal.uasset" 232
"E:/FinalProject/GoldMaster/LadyGM/Content/Player/SourceImages/test_m_WingsPlayer_OcclusionRoughnessMetallic.uasset" 233
"E:/FinalProject/GoldMaster/LadyGM/Content/Player/Materials/m_WingsPlayer.uasset" 234
"E:/FinalProject/GoldMaster/LadyGM/Content/Player/Animations/PlayerReferencePose_PhysicsAsset.uasset" 235
"E:/FinalProject/GoldMaster/LadyGM/Content/Player/Mesh/PlayerReferencePose.uasset" 236
"E:/FinalProject/GoldMaster/LadyGM/Content/Player/SFX/shoot__1_.uasset" 237
"E:/FinalProject/GoldMaster/LadyGM/Content/Player/SFX/shoot__1__Cue.uasset" 238
"E:/FinalProject/GoldMaster/LadyGM/Content/Geometry/Textures/SM_PlayerWeapon_1001_BaseColor.uasset" 239
"E:/FinalProject/GoldMaster/LadyGM/Content/Geometry/Textures/SM_PlayerWeapon_1001_Normal.uasset" 240
"E:/FinalProject/GoldMaster/LadyGM/Content/Geometry/Textures/SM_PlayerWeapon_1001_BaseColor_Mat.uasset" 241
"E:/FinalProject/GoldMaster/LadyGM/Content/Player/SM_PlayerWeaponwithbone_PhysicsAsset.uasset" 242
"E:/FinalProject/GoldMaster/LadyGM/Content/Player/SM_PlayerWeaponwithbone_Skeleton.uasset" 243
"E:/FinalProject/GoldMaster/LadyGM/Content/Player/SM_PlayerWeaponwithbone.uasset" 244
"E:/FinalProject/GoldMaster/LadyGM/Content/Player/MainCharacter_BP.uasset" 245
"E:/FinalProject/GoldMaster/LadyGM/Content/Audio/ButtonHover.uasset" 246
"E:/FinalProject/GoldMaster/LadyGM/Content/Audio/ButtonHover_Cue.uasset" 247
"E:/FinalProject/GoldMaster/LadyGM/Content/Audio/MouseClick.uasset" 248
"E:/FinalProject/GoldMaster/LadyGM/Content/Audio/MouseClick_Cue.uasset" 249
"E:/FinalProject/GoldMaster/LadyGM/Content/MainMenu/Assets/btn-controlsDisabled.uasset" 250
"E:/FinalProject/GoldMaster/LadyGM/Content/MainMenu/Assets/btn-mainMenu.uasset" 251
"E:/FinalProject/GoldMaster/LadyGM/Content/MainMenu/Assets/btn-mainMenuHover.uasset" 252
"E:/FinalProject/GoldMaster/LadyGM/Content/MainMenu/MainMenuButton_BP.uasset" 253
"E:/FinalProject/GoldMaster/LadyGM/Content/MainMenu/MainMenuButtonWinScreen_BP.uasset" 254
"E:/FinalProject/GoldMaster/LadyGM/Content/MainMenu/Assets/btn-controls.uasset" 255
"E:/FinalProject/GoldMaster/LadyGM/Content/MainMenu/Assets/btn-controlsHover.uasset" 256
"E:/FinalProject/GoldMaster/LadyGM/Content/MainMenu/OptionsButton_BP.uasset" 257
"E:/FinalProject/GoldMaster/LadyGM/Content/MainMenu/Assets/btn-restartLevel.uasset" 258
"E:/FinalProject/GoldMaster/LadyGM/Content/MainMenu/Assets/btn-restartLevelHover.uasset" 259
"E:/FinalProject/GoldMaster/LadyGM/Content/MainMenu/RestartLevelButton_BP.uasset" 260
"E:/FinalProject/GoldMaster/LadyGM/Content/MainMenu/Assets/btn-resume.uasset" 261
"E:/FinalProject/GoldMaster/LadyGM/Content/MainMenu/Assets/btn-resumeHover.uasset" 262
"E:/FinalProject/GoldMaster/LadyGM/Content/MainMenu/ResumeButton_BP.uasset" 263
"E:/FinalProject/GoldMaster/LadyGM/Content/MainMenu/TransitionButton.uasset" 264
"E:/FinalProject/GoldMaster/LadyGM/Content/MainMenu/LoadingScreen.uasset" 265
"E:/FinalProject/GoldMaster/LadyGM/Content/MainMenu/Assets/btn-continue.uasset" 266
"E:/FinalProject/GoldMaster/LadyGM/Content/MainMenu/Assets/btn-continueDisabled.uasset" 267
"E:/FinalProject/GoldMaster/LadyGM/Content/MainMenu/Assets/btn-continueHover.uasset" 268
"E:/FinalProject/GoldMaster/LadyGM/Content/MainMenu/ContinueButton_Bp.uasset" 269
"E:/FinalProject/GoldMaster/LadyGM/Content/MainMenu/Assets/btn-credits.uasset" 270
"E:/FinalProject/GoldMaster/LadyGM/Content/MainMenu/Assets/btn-creditsHover.uasset" 271
"E:/FinalProject/GoldMaster/LadyGM/Content/MainMenu/CreditsButton_BP.uasset" 272
"E:/FinalProject/GoldMaster/LadyGM/Content/MainMenu/Assets/btn-newGame.uasset" 273
"E:/FinalProject/GoldMaster/LadyGM/Content/MainMenu/Assets/btn-newGameDisabled.uasset" 274
"E:/FinalProject/GoldMaster/LadyGM/Content/MainMenu/Assets/btn-newGameHover.uasset" 275
"E:/FinalProject/GoldMaster/LadyGM/Content/MainMenu/NewGameButton_BP.uasset" 276
"E:/FinalProject/GoldMaster/LadyGM/Content/MainMenu/Assets/btn-exitGame.uasset" 277
"E:/FinalProject/GoldMaster/LadyGM/Content/MainMenu/Assets/btn-exitGameHover.uasset" 278
"E:/FinalProject/GoldMaster/LadyGM/Content/MainMenu/QuitButton_BP.uasset" 279
"E:/FinalProject/GoldMaster/LadyGM/Content/MainMenu/Assets/btn-settings.uasset" 280
"E:/FinalProject/GoldMaster/LadyGM/Content/MainMenu/Assets/btn-settingsHover.uasset" 281
"E:/FinalProject/GoldMaster/LadyGM/Content/MainMenu/SettingsButton_BP.uasset" 282
"E:/FinalProject/GoldMaster/LadyGM/Content/MainMenu/Assets/titleScreen-fullLogo.uasset" 283
"E:/FinalProject/GoldMaster/LadyGM/Content/MainMenu/Assets/titleScreen-tray.uasset" 284
"E:/FinalProject/GoldMaster/LadyGM/Content/MainMenu/Assets/controlsImage.uasset" 285
"E:/FinalProject/GoldMaster/LadyGM/Content/MainMenu/ControlsScreen.uasset" 286
"E:/FinalProject/GoldMaster/LadyGM/Content/MainMenu/Assets/creditsImage.uasset" 287
"E:/FinalProject/GoldMaster/LadyGM/Content/MainMenu/CreditsScreen.uasset" 288
"E:/FinalProject/GoldMaster/LadyGM/Content/MainMenu/HighresScreenshot00000.uasset" 289
"E:/FinalProject/GoldMaster/LadyGM/Content/MainMenu/MainMenuWidget_BP.uasset" 290
"E:/FinalProject/GoldMaster/LadyGM/Content/UI/Images/ui-controllerBottom.uasset" 291
"E:/FinalProject/GoldMaster/LadyGM/Content/UI/Images/ui-controllerConfirm.uasset" 292
"E:/FinalProject/GoldMaster/LadyGM/Content/UI/Images/ui-controllerTop.uasset" 293
"E:/FinalProject/GoldMaster/LadyGM/Content/UI/Images/ui-skip.uasset" 294
"E:/FinalProject/GoldMaster/LadyGM/Content/UI/RichImageRow.uasset" 295
"E:/FinalProject/GoldMaster/LadyGM/Content/UI/RichTextImageDecorator_BP.uasset" 296
"E:/FinalProject/GoldMaster/LadyGM/Content/UI/Font/AveriaLibre-Bold.uasset" 297
"E:/FinalProject/GoldMaster/LadyGM/Content/UI/Font/AveriaLibre-BoldItalic.uasset" 298
"E:/FinalProject/GoldMaster/LadyGM/Content/UI/Font/AveriaLibre-Italic.uasset" 299
"E:/FinalProject/GoldMaster/LadyGM/Content/UI/Font/AveriaLibre-Light.uasset" 300
"E:/FinalProject/GoldMaster/LadyGM/Content/UI/Font/AveriaLibre-LightItalic.uasset" 301
"E:/FinalProject/GoldMaster/LadyGM/Content/UI/Font/AveriaLibre-Regular.uasset" 302
"E:/FinalProject/GoldMaster/LadyGM/Content/UI/Font/AveriaLibre_Font.uasset" 303
"E:/FinalProject/GoldMaster/LadyGM/Content/UI/TipTextDataTable.uasset" 304
"E:/FinalProject/GoldMaster/LadyGM/Content/Cinematics/Transition_12.uasset" 305
"E:/FinalProject/GoldMaster/LadyGM/Content/Cinematics/NewMediaPlayer.uasset" 306
"E:/FinalProject/GoldMaster/LadyGM/Content/Cinematics/NewMediaPlayer_Video.uasset" 307
"E:/FinalProject/GoldMaster/LadyGM/Content/Cinematics/NewMediaPlayer_Video_Mat.uasset" 308
"E:/FinalProject/GoldMaster/LadyGM/Content/UI/Cinematic1To2.uasset" 309
"E:/FinalProject/GoldMaster/LadyGM/Content/Cinematics/Transition_23.uasset" 310
"E:/FinalProject/GoldMaster/LadyGM/Content/UI/Cinematic2To3.uasset" 311
"E:/FinalProject/GoldMaster/LadyGM/Content/Audio/BackgroundMusicAlt.uasset" 312
"E:/FinalProject/GoldMaster/LadyGM/Content/Audio/BackgroundMusicAltCue.uasset" 313
"E:/FinalProject/GoldMaster/LadyGM/Content/UI/Images/ui-secretBackground.uasset" 314
"E:/FinalProject/GoldMaster/LadyGM/Content/UI/Images/ui-secretIcon.uasset" 315
"E:/FinalProject/GoldMaster/LadyGM/Content/UI/Images/ui-starIcon.uasset" 316
"E:/FinalProject/GoldMaster/LadyGM/Content/UI/Images/ui-textBox-large.uasset" 317
"E:/FinalProject/GoldMaster/LadyGM/Content/UI/EndLevelDisplay.uasset" 318
"E:/FinalProject/GoldMaster/LadyGM/Content/MainMenu/RestartLevelButtonGameOver_BP.uasset" 319
"E:/FinalProject/GoldMaster/LadyGM/Content/UI/GameOverScreen.uasset" 320
"E:/FinalProject/GoldMaster/LadyGM/Content/UI/Images/HydrationBar.uasset" 321
"E:/FinalProject/GoldMaster/LadyGM/Content/UI/Images/ui-hydroBar.uasset" 322
"E:/FinalProject/GoldMaster/LadyGM/Content/UI/Images/ui-hydroTitle.uasset" 323
"E:/FinalProject/GoldMaster/LadyGM/Content/UI/Images/ui-waterIcon.uasset" 324
"E:/FinalProject/GoldMaster/LadyGM/Content/UI/CrystalCounter.uasset" 325
"E:/FinalProject/GoldMaster/LadyGM/Content/UI/Images/ui-playerHealth.uasset" 326
"E:/FinalProject/GoldMaster/LadyGM/Content/UI/Images/ui-playerHealthBackground.uasset" 327
"E:/FinalProject/GoldMaster/LadyGM/Content/UI/Images/ui-playerHealthGreen.uasset" 328
"E:/FinalProject/GoldMaster/LadyGM/Content/UI/Images/ui-playerHealthRed.uasset" 329
"E:/FinalProject/GoldMaster/LadyGM/Content/UI/Images/ui-playerHealthYellow.uasset" 330
"E:/FinalProject/GoldMaster/LadyGM/Content/UI/HealthDisplay.uasset" 331
"E:/FinalProject/GoldMaster/LadyGM/Content/MainMenu/Button_BP.uasset" 332
"E:/FinalProject/GoldMaster/LadyGM/Content/UI/ControlsScreenForUI.uasset" 333
"E:/FinalProject/GoldMaster/LadyGM/Content/UI/PauseMenu.uasset" 334
"E:/FinalProject/GoldMaster/LadyGM/Content/UI/QuestTextFirstLevel.uasset" 335
"E:/FinalProject/GoldMaster/LadyGM/Content/UI/QuestTextSecondLevel.uasset" 336
"E:/FinalProject/GoldMaster/LadyGM/Content/UI/QuestTextThirdLevel.uasset" 337
"E:/FinalProject/GoldMaster/LadyGM/Content/UI/QuestTextThirdLevelBoss.uasset" 338
"E:/FinalProject/GoldMaster/LadyGM/Content/UI/Images/ui-starBackground.uasset" 339
"E:/FinalProject/GoldMaster/LadyGM/Content/UI/StarCounter.uasset" 340
"E:/FinalProject/GoldMaster/LadyGM/Content/UI/Timer.uasset" 341
"E:/FinalProject/GoldMaster/LadyGM/Content/UI/TipsText.uasset" 342
"E:/FinalProject/GoldMaster/LadyGM/Content/UI/TokenCounter.uasset" 343
"E:/FinalProject/GoldMaster/LadyGM/Content/UI/TransitionText.uasset" 344
"E:/FinalProject/GoldMaster/LadyGM/Content/UI/WinScreen.uasset" 345
"E:/FinalProject/GoldMaster/LadyGM/Content/UI/HUDOverlay.uasset" 346
"E:/FinalProject/GoldMaster/LadyGM/Content/Player/MainCharacterController_BP.uasset" 347
"E:/FinalProject/GoldMaster/LadyGM/Content/Blueprints/FinalProjectGameMode_BP.uasset" 348
"E:/FinalProject/GoldMaster/LadyGM/Content/Boss/Boss/Mesh/BossStunned.uasset" 349
"E:/FinalProject/GoldMaster/LadyGM/Content/Boss/BossAdds/BossAddAnim_BP.uasset" 350
"E:/FinalProject/GoldMaster/LadyGM/Content/Enemies/m_BodyRanged.uasset" 351
"E:/FinalProject/GoldMaster/LadyGM/Content/Enemies/Melee/Animations/MeleeEnemyReferencePose_Anim.uasset" 352
"E:/FinalProject/GoldMaster/LadyGM/Content/Enemies/Melee/MeleeEnemyReferencePose_Anim.uasset" 353
"E:/FinalProject/GoldMaster/LadyGM/Content/Enemies/Melee/MeleeEnemyWalk.uasset" 354
"E:/FinalProject/GoldMaster/LadyGM/Content/Enemies/Ranged/m_BodyRanged.uasset" 355
"E:/FinalProject/GoldMaster/LadyGM/Content/Enemies/Ranged/m_EyesRanged.uasset" 356
"E:/FinalProject/GoldMaster/LadyGM/Content/Enemies/Ranged/m_PetalRanged.uasset" 357
"E:/FinalProject/GoldMaster/LadyGM/Content/Enemies/Ranged/RangedCombatMontage.uasset" 358
"E:/FinalProject/GoldMaster/LadyGM/Content/Enemies/Ranged/Old/Animations/RangedEnemyWalk_-_Copy.uasset" 359
"E:/FinalProject/GoldMaster/LadyGM/Content/Enemies/Ranged/Animations/RangedEnemyWalk_-_Copy.uasset" 360
"E:/FinalProject/GoldMaster/LadyGM/Content/Enemies/Ranged/Old/RangedEnemyIdeWalk_BlendSpace.uasset" 361
"E:/FinalProject/GoldMaster/LadyGM/Content/Enemies/Ranged/Old/RangedEnemeyAnim_BP.uasset" 362
"E:/FinalProject/GoldMaster/LadyGM/Content/Enemies/Ranged/RangedEnemeyAnim_BP.uasset" 363
"E:/FinalProject/GoldMaster/LadyGM/Content/Enemies/Ranged/RangedEnemyIdeWalk_BlendSpace.uasset" 364
"E:/FinalProject/GoldMaster/LadyGM/Content/Enemies/Ranged/Animations/RangedEnemyAttack.uasset" 365
"E:/FinalProject/GoldMaster/LadyGM/Content/Enemies/Ranged/Animations/RangedEnemyReferencePose_Anim.uasset" 366
"E:/FinalProject/GoldMaster/LadyGM/Content/Enemies/Ranged/Animations/RangedEnemyReferencePose_Skeleton.uasset" 367
"E:/FinalProject/GoldMaster/LadyGM/Content/Enemies/Ranged/Old/Animations/RangedEnemyCorrectionReferencePose_PhysicsAsset.uasset" 368
"E:/FinalProject/GoldMaster/LadyGM/Content/Enemies/Ranged/Animations/RangedEnemyCorrectionReferencePose_PhysicsAsset.uasset" 369
"E:/FinalProject/GoldMaster/LadyGM/Content/Enemies/Ranged/Mesh/RangedEnemyCorrectionReferencePose.uasset" 370
"E:/FinalProject/GoldMaster/LadyGM/Content/Enemies/Ranged/Mesh/RangedEnemyReferencePose.uasset" 371
"E:/FinalProject/GoldMaster/LadyGM/Content/Geometry/Textures/Crystal/SM_Crysatal_1001_BaseColor.uasset" 372
"E:/FinalProject/GoldMaster/LadyGM/Content/Geometry/Textures/Crystal/SM_Crysatal_1001_Emissive.uasset" 373
"E:/FinalProject/GoldMaster/LadyGM/Content/Geometry/Textures/Crystal/SM_Crysatal_1001_Height.uasset" 374
"E:/FinalProject/GoldMaster/LadyGM/Content/Geometry/Textures/Crystal/SM_Crysatal_1001_Metallic.uasset" 375
"E:/FinalProject/GoldMaster/LadyGM/Content/Geometry/Textures/Crystal/SM_Crysatal_1001_Normal.uasset" 376
"E:/FinalProject/GoldMaster/LadyGM/Content/Geometry/Textures/Crystal/SM_Crysatal_1001_Roughness.uasset" 377
"E:/FinalProject/GoldMaster/LadyGM/Content/Geometry/Materials/Crystal_Mat.uasset" 378
"E:/FinalProject/GoldMaster/LadyGM/Content/Geometry/Materials/DarkMud_NM_LayerInfo.uasset" 379
"E:/FinalProject/GoldMaster/LadyGM/Content/Geometry/Materials/GO_DefaultMaterial.uasset" 380
"E:/FinalProject/GoldMaster/LadyGM/Content/Geometry/Materials/GrassNM_LayerInfo.uasset" 381
"E:/FinalProject/GoldMaster/LadyGM/Content/Geometry/Materials/Mud_NM_LayerInfo.uasset" 382
"E:/FinalProject/GoldMaster/LadyGM/Content/Geometry/Materials/Water/SM_Water_1001_BaseColor.uasset" 383
"E:/FinalProject/GoldMaster/LadyGM/Content/Geometry/Materials/Water/SM_Water_1001_Normal.uasset" 384
"E:/FinalProject/GoldMaster/LadyGM/Content/Geometry/Textures/Water/T_Water_1001_Normal.uasset" 385
"E:/FinalProject/GoldMaster/LadyGM/Content/Geometry/Materials/Patricle_MAts/M_Water_1001_BaseColor_Mat.uasset" 386
"E:/FinalProject/GoldMaster/LadyGM/Content/Geometry/Materials/M_Water_1001_BaseColor_Mat.uasset" 387
"../../../Engine/Content/EngineMaterials/BlendFunc_DefBase.uasset" 388
"../../../Engine/Content/EngineMaterials/BlendFunc_DefBlend.uasset" 389
"../../../Engine/Content/Functions/Engine_MaterialFunctions03/Blends/Blend_Overlay.uasset" 390
"E:/FinalProject/GoldMaster/LadyGM/Content/Geometry/Materials/M_Water_1001_BaseColor_Mat1.uasset" 391
"E:/FinalProject/GoldMaster/LadyGM/Content/Geometry/Materials/Sand_NM_LayerInfo.uasset" 392
"../../../Engine/Content/EngineResources/DefaultTexture.uasset" 393
"E:/FinalProject/GoldMaster/LadyGM/Content/Geometry/Textures/Particle/Noise5.uasset" 394
"E:/FinalProject/GoldMaster/LadyGM/Content/Geometry/Materials/Patricle_MAts/MF_BossFunction.uasset" 395
"E:/FinalProject/GoldMaster/LadyGM/Content/Geometry/Textures/Particle/Noise3.uasset" 396
"E:/FinalProject/GoldMaster/LadyGM/Content/Geometry/Textures/Particle/Noise4.uasset" 397
"E:/FinalProject/GoldMaster/LadyGM/Content/Geometry/Materials/Patricle_MAts/M_BossFlare1.uasset" 398
"E:/FinalProject/GoldMaster/LadyGM/Content/Geometry/Materials/Patricle_MAts/M_BossFlare.uasset" 399
"E:/FinalProject/GoldMaster/LadyGM/Content/Geometry/Materials/Patricle_MAts/M_BossFlare_Inst2.uasset" 400
"../../../Engine/Content/Functions/Engine_MaterialFunctions02/ExampleContent/Textures/water_n.uasset" 401
"E:/FinalProject/GoldMaster/LadyGM/Content/Geometry/Materials/Water/M_PoolWater2.uasset" 402
"E:/FinalProject/GoldMaster/LadyGM/Content/Geometry/Meshes/Leaf1.uasset" 403
"E:/FinalProject/GoldMaster/LadyGM/Content/Geometry/Meshes/lambert1.uasset" 404
"E:/FinalProject/GoldMaster/LadyGM/Content/Geometry/Meshes/Pumpkin_HighPolyModel.uasset" 405
"E:/FinalProject/GoldMaster/LadyGM/Content/Geometry/Meshes/SM_Leaf.uasset" 406
"../../../Engine/Content/EngineMaterials/WorldGridMaterial.uasset" 407
"E:/FinalProject/GoldMaster/LadyGM/Content/Geometry/Meshes/SM_TreeTop.uasset" 408
"E:/FinalProject/GoldMaster/LadyGM/Content/Geometry/Meshes/SM_MudClump_DM.uasset" 409
"E:/FinalProject/GoldMaster/LadyGM/Content/Geometry/Meshes/SM_TreeTop_DM.uasset" 410
"E:/FinalProject/GoldMaster/LadyGM/Content/Geometry/Textures/Stick/Branch_A_initialShadingGroup_BaseColor.uasset" 411
"E:/FinalProject/GoldMaster/LadyGM/Content/Geometry/Textures/Stick/Branch_A_initialShadingGroup_Normal.uasset" 412
"E:/FinalProject/GoldMaster/LadyGM/Content/Geometry/Textures/Stick/Branch_A_initialShadingGroup_Roughness.uasset" 413
"E:/FinalProject/GoldMaster/LadyGM/Content/Geometry/Materials/Branch_A_initialShadingGroup_BaseColor_Mat.uasset" 414
"E:/FinalProject/GoldMaster/LadyGM/Content/Geometry/Textures/Branch_A_initialShadingGroup_BaseColor_Mat.uasset" 415
"E:/FinalProject/GoldMaster/LadyGM/Content/Geometry/Textures/Stick/Branch_D_initialShadingGroup_BaseColor.uasset" 416
"E:/FinalProject/GoldMaster/LadyGM/Content/Geometry/Textures/Stick/Branch_D_initialShadingGroup_Normal.uasset" 417
"E:/FinalProject/GoldMaster/LadyGM/Content/Geometry/Textures/Stick/Branch_D_initialShadingGroup_Roughness.uasset" 418
"E:/FinalProject/GoldMaster/LadyGM/Content/Geometry/Materials/Branch_D_initialShadingGroup_BaseColor_Mat.uasset" 419
"E:/FinalProject/GoldMaster/LadyGM/Content/Geometry/Textures/Branch_D_initialShadingGroup_BaseColor_Mat.uasset" 420
"E:/FinalProject/GoldMaster/LadyGM/Content/Geometry/Textures/Leaf/Leaf1_initialShadingGroup_BaseColor.uasset" 421
"E:/FinalProject/GoldMaster/LadyGM/Content/Geometry/Materials/Leaf1_initialShadingGroup_BaseColor_Mat.uasset" 422
"E:/FinalProject/GoldMaster/LadyGM/Content/Geometry/Textures/Leaf1_initialShadingGroup_BaseColor_Mat.uasset" 423
"E:/FinalProject/GoldMaster/LadyGM/Content/Geometry/Textures/Tree/SM_TreeTop_1001_BaseColor.uasset" 424
"E:/FinalProject/GoldMaster/LadyGM/Content/Geometry/Textures/Tree/SM_TreeTop_1001_Height.uasset" 425
"E:/FinalProject/GoldMaster/LadyGM/Content/Geometry/Textures/Tree/SM_TreeTop_1001_Metallic.uasset" 426
"E:/FinalProject/GoldMaster/LadyGM/Content/Geometry/Textures/Tree/SM_TreeTop_1001_Normal.uasset" 427
"E:/FinalProject/GoldMaster/LadyGM/Content/Geometry/Textures/Tree/SM_TreeTop_1001_Roughness.uasset" 428
"E:/FinalProject/GoldMaster/LadyGM/Content/Geometry/Materials/SM_TreeTop_1001_BaseColor_Mat.uasset" 429
"E:/FinalProject/GoldMaster/LadyGM/Content/Geometry/Textures/SM_TreeTop_1001_BaseColor_Mat.uasset" 430
"E:/FinalProject/GoldMaster/LadyGM/Content/Geometry/Textures/T_Plane_01_1001_Roughness.uasset" 431
"E:/FinalProject/GoldMaster/LadyGM/Content/Geometry/Textures/LandscapeTextures/T_LongGrass_Roughness.uasset" 432
"E:/FinalProject/GoldMaster/LadyGM/Content/Geometry/Textures/LandscapeTextures/T_Mud_BaseColor.uasset" 433
"E:/FinalProject/GoldMaster/LadyGM/Content/Geometry/Textures/LandscapeTextures/M_Mud_BaseColor_Destructible.uasset" 434
"E:/FinalProject/GoldMaster/LadyGM/Content/Geometry/Textures/LandscapeTextures/T_Mud_BaseColor_Mat.uasset" 435
"E:/FinalProject/GoldMaster/LadyGM/Content/Geometry/Textures/LandscapeTextures/T_Mud_Roughness.uasset" 436
"E:/FinalProject/GoldMaster/LadyGM/Content/Geometry/Textures/LandscapeTextures/T_Plane_01_1001_BaseColor.uasset" 437
"E:/FinalProject/GoldMaster/LadyGM/Content/Geometry/Textures/LandscapeTextures/T_Plane_01_1001_Roughness.uasset" 438
"E:/FinalProject/GoldMaster/LadyGM/Content/Geometry/Textures/LandscapeTextures/T_RockyGrass_BaseColor.uasset" 439
"E:/FinalProject/GoldMaster/LadyGM/Content/Geometry/Textures/LandscapeTextures/T_Sand_Roughness.uasset" 440
"../../../Engine/Content/EngineMaterials/WeightMapPlaceholderTexture.uasset" 441
"E:/FinalProject/GoldMaster/LadyGM/Content/Geometry/Textures/LandscapeTextures/NewLandscape/Mud.uasset" 442
"E:/FinalProject/GoldMaster/LadyGM/Content/Geometry/Textures/LandscapeTextures/NewLandscape/Mud_Normal.uasset" 443
"E:/FinalProject/GoldMaster/LadyGM/Content/Geometry/Textures/LandscapeTextures/NewLandscape/MudDark.uasset" 444
"E:/FinalProject/GoldMaster/LadyGM/Content/Geometry/Textures/LandscapeTextures/NewLandscape/sand_Normal_Tile.uasset" 445
"E:/FinalProject/GoldMaster/LadyGM/Content/Geometry/Textures/LandscapeTextures/NewLandscape/sand_Tile.uasset" 446
"E:/FinalProject/GoldMaster/LadyGM/Content/Geometry/Textures/LandscapeTextures/NewLandscape/T_LongGrass_BaseColor.uasset" 447
"E:/FinalProject/GoldMaster/LadyGM/Content/Geometry/Textures/LandscapeTextures/NewLandscape/Land2.uasset" 448
"E:/FinalProject/GoldMaster/LadyGM/Content/Geometry/Textures/LandscapeTextures/NewLandscape/Mud_rough.uasset" 449
"E:/FinalProject/GoldMaster/LadyGM/Content/Geometry/Textures/LandscapeTextures/NewLandscape/sand_Rough_Tile.uasset" 450
"E:/FinalProject/GoldMaster/LadyGM/Content/Geometry/Textures/Leaf/Leaf1_initialShadingGroup_Normal.uasset" 451
"E:/FinalProject/GoldMaster/LadyGM/Content/Geometry/Textures/Leaf/Leaf1_initialShadingGroup_Roughness.uasset" 452
"E:/FinalProject/GoldMaster/LadyGM/Content/Geometry/Textures/Leaf/Petal3_initialShadingGroup_Roughness.uasset" 453
"E:/FinalProject/GoldMaster/LadyGM/Content/Geometry/Textures/Particle/ParticleSmoke.uasset" 454
"E:/FinalProject/GoldMaster/LadyGM/Content/Geometry/Textures/Stick/SM_Stick_02_1001_Metallic.uasset" 455
"E:/FinalProject/GoldMaster/LadyGM/Content/Interactables/gemPickup.uasset" 456
"E:/FinalProject/GoldMaster/LadyGM/Content/Interactables/gemPickup_Cue.uasset" 457
"E:/FinalProject/GoldMaster/LadyGM/Content/Interactables/Healthmeshes/lambert1.uasset" 458
"E:/FinalProject/GoldMaster/LadyGM/Content/Interactables/Healthmeshes/Heart.uasset" 459
"E:/FinalProject/GoldMaster/LadyGM/Content/Interactables/Heart.uasset" 460
"E:/FinalProject/GoldMaster/LadyGM/Content/Interactables/lambert1.uasset" 461
"E:/FinalProject/GoldMaster/LadyGM/Content/Geometry/Materials/lambert1.uasset" 462
"E:/FinalProject/GoldMaster/LadyGM/Content/Geometry/Meshes/SM_SpiderWeb_02.uasset" 463
"E:/FinalProject/GoldMaster/LadyGM/Content/Geometry/Meshes/SM_SpiderWeb_02_DM.uasset" 464
"E:/FinalProject/GoldMaster/LadyGM/Content/Geometry/Textures/SpiderWeb/SM_SpiderWeb_1001_BaseColor.uasset" 465
"E:/FinalProject/GoldMaster/LadyGM/Content/Geometry/Textures/SpiderWeb/SM_SpiderWeb_1001_Height.uasset" 466
"E:/FinalProject/GoldMaster/LadyGM/Content/Geometry/Textures/SpiderWeb/SM_SpiderWeb_1001_Roughness.uasset" 467
"E:/FinalProject/GoldMaster/LadyGM/Content/Geometry/Materials/SM_SpiderWeb_1001_BaseColor_Mat.uasset" 468
"E:/FinalProject/GoldMaster/LadyGM/Content/Interactables/SpiderWeb_BP.uasset" 469
"E:/FinalProject/GoldMaster/LadyGM/Content/MainMenu/MenuUpdated.uasset" 470
"E:/FinalProject/GoldMaster/LadyGM/Content/MainMenu/Assets/settingsMockup.uasset" 471
"E:/FinalProject/GoldMaster/LadyGM/Content/MainMenu/SettingsScreen.uasset" 472
"E:/FinalProject/GoldMaster/LadyGM/Content/MainMenu/Assets/btn-creditsDisabled.uasset" 473
"E:/FinalProject/GoldMaster/LadyGM/Content/MainMenu/Assets/btn-exitGameDisabled.uasset" 474
"E:/FinalProject/GoldMaster/LadyGM/Content/MainMenu/Assets/btn-mainMenuDisabled.uasset" 475
"E:/FinalProject/GoldMaster/LadyGM/Content/MainMenu/Assets/btn-quit.uasset" 476
"E:/FinalProject/GoldMaster/LadyGM/Content/MainMenu/Assets/btn-quitHover.uasset" 477
"E:/FinalProject/GoldMaster/LadyGM/Content/MainMenu/Assets/btn-restartLevelDisabled.uasset" 478
"E:/FinalProject/GoldMaster/LadyGM/Content/MainMenu/Assets/btn-resumeDisabled.uasset" 479
"E:/FinalProject/GoldMaster/LadyGM/Content/MainMenu/Assets/controlsMockup.uasset" 480
"E:/FinalProject/GoldMaster/LadyGM/Content/MainMenu/Assets/titleScreenBackground.uasset" 481
"E:/FinalProject/GoldMaster/LadyGM/Content/MainMenu/Assets/titleScreenLogo.uasset" 482
"E:/FinalProject/GoldMaster/LadyGM/Content/Mannequin/Character/Mesh/UE4_Mannequin_Skeleton.uasset" 483
"E:/FinalProject/GoldMaster/LadyGM/Content/Mannequin/Animations/ThirdPersonJump_End.uasset" 484
"E:/FinalProject/GoldMaster/LadyGM/Content/MyParticleSystems/AnimTrails/P_AnimTrail.uasset" 485
"E:/FinalProject/GoldMaster/LadyGM/Content/MyParticleSystems/Ribbon/Mat_Ribbon.uasset" 486
"E:/FinalProject/GoldMaster/LadyGM/Content/MyParticleSystems/Ribbon/Mat_RibbonSource.uasset" 487
"E:/FinalProject/GoldMaster/LadyGM/Content/MyParticleSystems/Ribbon/P_Ribbon.uasset" 488
"E:/FinalProject/GoldMaster/LadyGM/Content/Particles/M_Add_Sprite_Master.uasset" 489
"E:/FinalProject/GoldMaster/LadyGM/Content/Particles/T_LightCone.uasset" 490
"E:/FinalProject/GoldMaster/LadyGM/Content/Particles/M_Flare_Vertical_02_Inst.uasset" 491
"E:/FinalProject/GoldMaster/LadyGM/Content/Particles/P_GoldSparkle_Bag_Loop.uasset" 492
"E:/FinalProject/GoldMaster/LadyGM/Content/Particles/M_Flare_02_INST.uasset" 493
"E:/FinalProject/GoldMaster/LadyGM/Content/Particles/P_GoldSparkle_Bag_Pickup.uasset" 494
"E:/FinalProject/GoldMaster/LadyGM/Content/Particles/P_Loot_Idle_Loop.uasset" 495
"E:/FinalProject/GoldMaster/LadyGM/Content/Particles/P_Loot_Pickup.uasset" 496
"E:/FinalProject/GoldMaster/LadyGM/Content/Particles/P_ScorePickups.uasset" 497
"../../../Engine/Content/Tutorial/SubEditors/TutorialAssets/T_SmokeSubUV_8X8.uasset" 498
"../../../Engine/Content/Tutorial/SubEditors/TutorialAssets/T_soft_smoke.uasset" 499
"../../../Engine/Content/Tutorial/SubEditors/TutorialAssets/M_smoke_subUV_blackbody.uasset" 500
"E:/FinalProject/GoldMaster/LadyGM/Content/Particles/TutorialParticleSystem1.uasset" 501
"E:/FinalProject/GoldMaster/LadyGM/Content/Player/PlayerReferencePose.uasset" 502
"E:/FinalProject/GoldMaster/LadyGM/Content/Player/PlayerReferencePose_Skeleton.uasset" 503
"E:/FinalProject/GoldMaster/LadyGM/Content/Player/Animations/PlayerDeath.uasset" 504
"E:/FinalProject/GoldMaster/LadyGM/Content/Player/Animations/PlayerDeath2.uasset" 505
"E:/FinalProject/GoldMaster/LadyGM/Content/Player/Animations/PlayerDeath3.uasset" 506
"E:/FinalProject/GoldMaster/LadyGM/Content/Player/Animations/PlayerDeath4.uasset" 507
"E:/FinalProject/GoldMaster/LadyGM/Content/Player/Animations/PlayerDeath__1_.uasset" 508
"E:/FinalProject/GoldMaster/LadyGM/Content/Player/Animations/PlayerIdleCorrected.uasset" 509
"E:/FinalProject/GoldMaster/LadyGM/Content/Player/Animations/PlayerJump_2.uasset" 510
"E:/FinalProject/GoldMaster/LadyGM/Content/Player/Animations/PlayerJump_3.uasset" 511
"E:/FinalProject/GoldMaster/LadyGM/Content/Player/Animations/PlayerJump_Down.uasset" 512
"E:/FinalProject/GoldMaster/LadyGM/Content/Player/Animations/PlayerJump_Idle.uasset" 513
"E:/FinalProject/GoldMaster/LadyGM/Content/Player/Animations/PlayerJump_Up.uasset" 514
"E:/FinalProject/GoldMaster/LadyGM/Content/Player/Animations/PlayerMelee1__1_.uasset" 515
"E:/FinalProject/GoldMaster/LadyGM/Content/Player/Animations/PlayerMelee2.uasset" 516
"E:/FinalProject/GoldMaster/LadyGM/Content/Player/Animations/PlayerMelee2__2_.uasset" 517
"E:/FinalProject/GoldMaster/LadyGM/Content/Player/Animations/PlayerMelee3.uasset" 518
"E:/FinalProject/GoldMaster/LadyGM/Content/Player/Animations/PlayerMelee5.uasset" 519
"E:/FinalProject/GoldMaster/LadyGM/Content/Player/Animations/PlayerMeleevs2.uasset" 520
"E:/FinalProject/GoldMaster/LadyGM/Content/Player/SFX/damageReceived.uasset" 521
"E:/FinalProject/GoldMaster/LadyGM/Content/Player/SFX/damageReceived_Cue.uasset" 522
"E:/FinalProject/GoldMaster/LadyGM/Content/UI/DisplayText.uasset" 523
"E:/FinalProject/GoldMaster/LadyGM/Content/UI/WaterDropImage.uasset" 524
"E:/FinalProject/GoldMaster/LadyGM/Content/UI/Images/ui-continueArrow.uasset" 525
"E:/FinalProject/GoldMaster/LadyGM/Content/UI/Images/ui-hydroBarBackground.uasset" 526
"E:/FinalProject/GoldMaster/LadyGM/Content/UI/Images/ui-playerHealth-3.uasset" 527
"E:/FinalProject/GoldMaster/LadyGM/Content/UI/Images/ui-playerHealth1.uasset" 528
"E:/FinalProject/GoldMaster/LadyGM/Content/UI/Images/ui-playerHealth2.uasset" 529
"E:/FinalProject/GoldMaster/LadyGM/Content/UI/Images/ui-textBox-smalll.uasset" 530
"../../../Engine/Content/Animation/DefaultAnimCurveCompressionSettings.uasset" 531
"../../../Engine/Content/ArtTools/RenderToTexture/Meshes/S_1_Unit_Plane.uasset" 532
"../../../Engine/Content/BasicShapes/Cone.uasset" 533
"../../../Engine/Content/BasicShapes/Cylinder.uasset" 534
"../../../Engine/Content/BasicShapes/Plane.uasset" 535
"../../../Engine/Content/EditorLandscapeResources/DataLayer.uasset" 536
"../../../Engine/Content/EditorMaterials/MAT_Groups_Toggle.uasset" 537
"../../../Engine/Content/EditorMaterials/MAT_Groups_Visibility.uasset" 538
"../../../Engine/Content/EditorMaterials/PreviewShadowIndicator.uasset" 539
"../../../Engine/Content/EditorMaterials/PreviewShadowIndicatorMaterial.uasset" 540
"../../../Engine/Content/EditorMaterials/MatineeGroups/MAT_ColorTrack.uasset" 541
"../../../Engine/Content/EditorMaterials/MatineeGroups/MAT_Groups_Anim.uasset" 542
"../../../Engine/Content/EditorMaterials/MatineeGroups/MAT_Groups_AudioMaster.uasset" 543
"../../../Engine/Content/EditorMaterials/MatineeGroups/MAT_Groups_Director.uasset" 544
"../../../Engine/Content/EditorMaterials/MatineeGroups/MAT_Groups_Event.uasset" 545
"../../../Engine/Content/EditorMaterials/MatineeGroups/MAT_Groups_Fade.uasset" 546
"../../../Engine/Content/EditorMaterials/MatineeGroups/MAT_Groups_Float.uasset" 547
"../../../Engine/Content/EditorMaterials/MatineeGroups/MAT_Groups_Move.uasset" 548
"../../../Engine/Content/EditorMaterials/MatineeGroups/MAT_Groups_Slomo.uasset" 549
"../../../Engine/Content/EditorMaterials/MatineeGroups/MAT_Groups_Sound.uasset" 550
"../../../Engine/Content/EditorMaterials/MatineeGroups/MAT_Groups_Vector.uasset" 551
"../../../Engine/Content/EditorMaterials/ParticleSystems/PSysThumbnail_NoImage.uasset" 552
"../../../Engine/Content/EditorMaterials/ParticleSystems/PSysThumbnail_OOD.uasset" 553
"../../../Engine/Content/EditorMaterials/Camera/CineMat.uasset" 554
"../../../Engine/Content/EditorMaterials/Camera/MI_CineMat_Rig.uasset" 555
"../../../Engine/Content/EditorMeshes/Camera/SM_CraneRig_Arm.uasset" 556
"../../../Engine/Content/EditorMeshes/Camera/SM_CraneRig_Base.uasset" 557
"../../../Engine/Content/EditorMeshes/Camera/SM_CraneRig_Body.uasset" 558
"../../../Engine/Content/EditorMeshes/Camera/SM_CraneRig_Mount.uasset" 559
"../../../Engine/Content/EditorMeshes/Camera/SM_RailRig_Mount.uasset" 560
"../../../Engine/Content/EditorMeshes/Camera/SM_RailRig_Track.uasset" 561
"../../../Engine/Content/EditorResources/BSPVertex.uasset" 562
"../../../Engine/Content/EditorResources/EmptyActor.uasset" 563
"../../../Engine/Content/EditorResources/S_Actor.uasset" 564
"../../../Engine/Content/EditorResources/S_Note.uasset" 565
"../../../Engine/Content/EditorResources/S_Solver.uasset" 566
"../../../Engine/Content/EditorResources/S_Trigger.uasset" 567
"../../../Engine/Content/EditorResources/AudioIcons/S_AudioComponent.uasset" 568
"../../../Engine/Content/EditorResources/AudioIcons/S_AudioComponent_AutoActivate.uasset" 569
"../../../Engine/Content/EditorResources/LightIcons/S_LightError.uasset" 570
"../../../Engine/Content/EditorResources/SequenceRecorder/Countdown.uasset" 571
"../../../Engine/Content/EditorResources/SequenceRecorder/RecordingIndicator.uasset" 572
"../../../Engine/Content/EditorSounds/Notifications/CompileFailed.uasset" 573
"../../../Engine/Content/EditorSounds/Notifications/CompileFailed_Cue.uasset" 574
"../../../Engine/Content/EditorSounds/Notifications/CompileSuccess.uasset" 575
"../../../Engine/Content/EditorSounds/Notifications/CompileStart_Cue.uasset" 576
"../../../Engine/Content/EditorSounds/Notifications/CompileSuccess_Cue.uasset" 577
"../../../Engine/Content/EngineDamageTypes/DmgTypeBP_Environmental.uasset" 578
"../../../Engine/Content/EngineDebugMaterials/DebugEditorMaterial.uasset" 579
"../../../Engine/Content/EngineDebugMaterials/DebugMeshMaterial.uasset" 580
"../../../Engine/Content/EngineDebugMaterials/M_SimpleUnlitTranslucent.uasset" 581
"../../../Engine/Content/Functions/Engine_MaterialFunctions02/Utility/CameraDirectionVector.uasset" 582
"../../../Engine/Content/EngineDebugMaterials/VolumeToRender.uasset" 583
"../../../Engine/Content/EngineDebugMaterials/M_VolumeRenderSphereTracePP.uasset" 584
"../../../Engine/Content/EngineDebugMaterials/WireframeMaterial.uasset" 585
"../../../Engine/Content/EngineFonts/Faces/DroidSansFallback.uasset" 586
"../../../Engine/Content/EngineFonts/Faces/RobotoBold.uasset" 587
"../../../Engine/Content/EngineFonts/Faces/RobotoBoldItalic.uasset" 588
"../../../Engine/Content/EngineFonts/Faces/RobotoItalic.uasset" 589
"../../../Engine/Content/EngineFonts/Faces/RobotoLight.uasset" 590
"../../../Engine/Content/EngineFonts/Faces/RobotoRegular.uasset" 591
"../../../Engine/Content/EngineFonts/Roboto.uasset" 592
"../../../Engine/Content/EngineMaterials/BaseFlattenDiffuseMap.uasset" 593
"../../../Engine/Content/EngineMaterials/BaseFlattenEmissiveMap.uasset" 594
"../../../Engine/Content/EngineMaterials/BaseFlattenGrayscaleMap.uasset" 595
"../../../Engine/Content/EngineMaterials/BaseFlattenNormalMap.uasset" 596
"../../../Engine/Content/EngineMaterials/BaseFlattenMaterial.uasset" 597
"../../../Engine/Content/EngineMaterials/BlueNoise.uasset" 598
"../../../Engine/Content/EngineMaterials/DefaultBloomKernel.uasset" 599
"../../../Engine/Content/EngineMaterials/DefaultBokeh.uasset" 600
"../../../Engine/Content/EngineMaterials/DefaultDiffuse.uasset" 601
"../../../Engine/Content/EngineMaterials/DefaultDeferredDecalMaterial.uasset" 602
"../../../Engine/Content/EngineMaterials/DefaultLightFunctionMaterial.uasset" 603
"../../../Engine/Content/EngineMaterials/DefaultPostProcessMaterial.uasset" 604
"../../../Engine/Content/EngineFonts/RobotoDistanceField.uasset" 605
"../../../Engine/Content/EngineMaterials/DefaultTextMaterialOpaque.uasset" 606
"../../../Engine/Content/EngineMaterials/DefaultWhiteGrid.uasset" 607
"../../../Engine/Content/EngineMaterials/DefaultWhiteGrid_Low.uasset" 608
"../../../Engine/Content/EngineMaterials/EmissiveMeshMaterial.uasset" 609
"../../../Engine/Content/EngineMaterials/GizmoMaterial.uasset" 610
"../../../Engine/Content/EngineMaterials/Good64x64TilingNoiseHighFreq.uasset" 611
"../../../Engine/Content/EngineMaterials/MiniFont.uasset" 612
"../../../Engine/Content/EngineMaterials/InvalidLightmapSettings.uasset" 613
"../../../Engine/Content/EngineMaterials/M_InvalidLightmapSettings.uasset" 614
"../../../Engine/Content/Functions/Engine_MaterialFunctions02/WorldPositionOffset/CameraOffset.uasset" 615
"../../../Engine/Content/EngineMaterials/PhAT_JointLimitMaterial.uasset" 616
"../../../Engine/Content/EngineMaterials/PreintegratedSkinBRDF.uasset" 617
"../../../Engine/Content/EngineMaterials/RemoveSurfaceMaterial.uasset" 618
"../../../Engine/Content/EngineResources/WhiteSquareTexture.uasset" 619
"../../../Engine/Content/EngineMaterials/Widget3DPassThrough.uasset" 620
"../../../Engine/Content/EngineMaterials/Widget3DPassThrough_Masked.uasset" 621
"../../../Engine/Content/EngineMaterials/Widget3DPassThrough_Opaque.uasset" 622
"../../../Engine/Content/EngineMaterials/Widget3DPassThrough_Masked_OneSided.uasset" 623
"../../../Engine/Content/EngineMaterials/Widget3DPassThrough_Opaque_OneSided.uasset" 624
"../../../Engine/Content/EngineMaterials/Widget3DPassThrough_Translucent.uasset" 625
"../../../Engine/Content/EngineMaterials/Widget3DPassThrough_Translucent_OneSided.uasset" 626
"../../../Engine/Content/EngineMeshes/Cylinder.uasset" 627
"../../../Engine/Content/EngineMeshes/Sphere.uasset" 628
"../../../Engine/Content/EngineResources/DefaultTextureCube.uasset" 629
"../../../Engine/Content/EngineResources/DefaultVolumeTexture2D.uasset" 630
"../../../Engine/Content/EngineResources/DefaultVolumeTexture.uasset" 631
"../../../Engine/Content/EngineResources/GradientTexture0.uasset" 632
"../../../Engine/Content/Functions/Engine_MaterialFunctions01/Shading/ConvertFromDiffSpec.uasset" 633
"../../../Engine/Content/Functions/Engine_MaterialFunctions01/Shading/PowerToRoughness.uasset" 634
"../../../Engine/Content/Maps/Templates/Thumbnails/Default.uasset" 635
"../../../Engine/Content/Maps/Templates/Thumbnails/TimeOfDay.uasset" 636
"../../../Engine/Content/Maps/Templates/Thumbnails/VR-Basic.uasset" 637
"../../../Engine/Content/MobileResources/T_MobileControls_texture.uasset" 638
"../../../Engine/Content/MobileResources/T_MobileMenu2.uasset" 639
"../../../Engine/Content/MobileResources/HUD/AnalogHat.uasset" 640
"../../../Engine/Content/MobileResources/HUD/VirtualJoystick_Background.uasset" 641
"../../../Engine/Content/MobileResources/HUD/VirtualJoystick_Thumb.uasset" 642
"../../../Engine/Content/MobileResources/HUD/DefaultVirtualJoysticks.uasset" 643
"../../../Engine/Content/MobileResources/HUD/LeftVirtualJoystickOnly.uasset" 644
"../../../Engine/Content/MobileResources/HUD/MobileHUDButton1_off.uasset" 645
"../../../Engine/Content/MobileResources/HUD/MobileHUDButton1_on.uasset" 646
"../../../Engine/Content/MobileResources/HUD/MobileHUDButton2_off.uasset" 647
"../../../Engine/Content/MobileResources/HUD/MobileHUDButton2_on.uasset" 648
"../../../Engine/Content/MobileResources/HUD/MobileHUDButton3.uasset" 649
"../../../Engine/Content/MobileResources/HUD/MobileHUDButtonFire.uasset" 650
"../../../Engine/Content/MobileResources/HUD/MobileHUDDirectionPad.uasset" 651
"../../../Engine/Content/MobileResources/HUD/MobileHUDDirectionPad2.uasset" 652
"../../../Engine/Content/MobileResources/HUD/MobileHUDDirectionPad3.uasset" 653
"../../../Engine/Content/MobileResources/HUD/MobileHUDDirectionStick.uasset" 654
"../../../Engine/Content/MobileResources/HUD/T_Castle_ThumbstickInner.uasset" 655
"../../../Engine/Content/MobileResources/HUD/T_Castle_ThumbstickOutter.uasset" 656
"../../../Engine/Content/Tutorial/ContentIntroCurve.uasset" 657
"../../../Engine/Content/Tutorial/Basics/LevelEditorAttract.uasset" 658
"../../../Engine/Content/Tutorial/Basics/TutorialAssets/icon_tab_Levels_40x.uasset" 659
"../../../Engine/Content/Tutorial/Basics/LevelEditorOverview.uasset" 660
"../../../Engine/Content/Tutorial/BlueprintTutorials/TutorialAssets/Blueprint_64x.uasset" 661
"../../../Engine/Content/Tutorial/BlueprintTutorials/BlueprintEditorTutorial.uasset" 662
"../../../Engine/Content/VREditor/LaserPointer/VR_LaserPower_01.uasset" 663
"../../../Engine/Content/VREditor/TransformGizmo/TransformGizmoMaterial.uasset" 664
"../../../Engine/Content/VREditor/TransformGizmo/TranslucentTransformGizmoMaterial.uasset" 665
"../../../Engine/Content/VREditor/TransformGizmo/BoundingBoxCorner.uasset" 666
"../../../Engine/Content/VREditor/TransformGizmo/BoundingBoxEdge.uasset" 667
"../../../Engine/Content/VREditor/TransformGizmo/PlaneTranslationHandle.uasset" 668
"../../../Engine/Content/VREditor/TransformGizmo/Main.uasset" 669
"../../../Engine/Content/VREditor/TransformGizmo/Xray.uasset" 670
"../../../Engine/Content/VREditor/TransformGizmo/SM_Sequencer_Key.uasset" 671
"../../../Engine/Content/VREditor/TransformGizmo/SM_Sequencer_Node.uasset" 672
"../../Plugins/2D/Paper2D/Content/PlaceholderTextures/DummySpriteTexture.uasset" 673
"../../Plugins/2D/Paper2D/Content/DummySprite.uasset" 674
"../../Plugins/2D/Paper2D/Content/DefaultPaperTerrainMaterial.uasset" 675
"../../Plugins/2D/Paper2D/Content/DefaultSpriteMaterial.uasset" 676
"../../Plugins/2D/Paper2D/Content/MaskedUnlitSpriteMaterial.uasset" 677
"../../Plugins/2D/Paper2D/Content/OpaqueUnlitSpriteMaterial.uasset" 678
"../../Plugins/FX/Niagara/Content/Enums/ENiagaraBooleanLogicOps.uasset" 679
"../../Plugins/FX/Niagara/Content/Enums/ENiagaraCoordinateSpace.uasset" 680
"../../Plugins/FX/Niagara/Content/Enums/ENiagaraExpansionMode.uasset" 681
"../../Plugins/FX/Niagara/Content/Enums/ENiagaraOrientationAxis.uasset" 682
"../../Plugins/FX/Niagara/Content/Enums/ENiagaraRandomnessMode.uasset" 683
"../../../Engine/Content/Functions/Engine_MaterialFunctions02/Utility/BreakOutFloat4Components.uasset" 684
"../../../Engine/Content/Functions/Engine_MaterialFunctions02/Utility/MakeFloat2.uasset" 685
"../../../Engine/Content/Functions/Engine_MaterialFunctions02/Utility/MakeFloat3.uasset" 686
"../../Plugins/Runtime/Oculus/OculusVR/Content/Materials/OculusMR_ChromaKey.uasset" 687
"../../Plugins/Runtime/Oculus/OculusVR/Content/Materials/OculusMR_ChromaKey_Lit.uasset" 688
"../../Plugins/Runtime/Oculus/OculusVR/Content/Materials/OculusMR_OpaqueColoredMaterial.uasset" 689
"../../Plugins/Runtime/Oculus/OculusVR/Content/Materials/OculusMR_WhiteMaterial.uasset" 690
"E:/FinalProject/GoldMaster/LadyGM/Content/MainMenu/MainMenuHUD_BP.uasset" 691
"E:/FinalProject/GoldMaster/LadyGM/Content/MainMenu/MainMenuGameMode_BP.uasset" 692
"E:/FinalProject/GoldMaster/LadyGM/Content/Maps/MainMenu_BuiltData.uasset" 693
"../../../Engine/Content/MapTemplates/Materials/BasicTemplateMaterial.uasset" 694
"../../../Engine/Content/BasicShapes/Cube.uasset" 695
"E:/FinalProject/GoldMaster/LadyGM/Content/Maps/MainMenu.umap" 696
"E:/FinalProject/GoldMaster/LadyGM/Content/Player/Animations/PlayerIdle.uasset" 697
"E:/FinalProject/GoldMaster/LadyGM/Content/Player/Animations/PlayerRun2.uasset" 698
"E:/FinalProject/GoldMaster/LadyGM/Content/Player/Animations/PlayerWalkNPC.uasset" 699
"E:/FinalProject/GoldMaster/LadyGM/Content/NPCs/NPCIdleWalkBlendSpace.uasset" 700
"E:/FinalProject/GoldMaster/LadyGM/Content/NPCs/NPCAnimBP.uasset" 701
"../../../Engine/Content/Functions/Engine_MaterialFunctions02/HueShift.uasset" 702
"E:/FinalProject/GoldMaster/LadyGM/Content/Player/Materials/m_ShellPlayerNPC.uasset" 703
"E:/FinalProject/GoldMaster/LadyGM/Content/NPCs/NPCLadybugs_BP.uasset" 704
"E:/FinalProject/GoldMaster/LadyGM/Content/Audio/BossTornado.uasset" 705
"E:/FinalProject/GoldMaster/LadyGM/Content/Audio/BossTornado_Cue.uasset" 706
"E:/FinalProject/GoldMaster/LadyGM/Content/Geometry/Materials/Patricle_MAts/M_Boss_Opas.uasset" 707
"E:/FinalProject/GoldMaster/LadyGM/Content/Geometry/Materials/Patricle_MAts/Dot_Inst.uasset" 708
"E:/FinalProject/GoldMaster/LadyGM/Content/Geometry/Materials/Patricle_MAts/M_Burst_Inst.uasset" 709
"E:/FinalProject/GoldMaster/LadyGM/Content/Geometry/Materials/Patricle_MAts/M_Dust_Inst_Inst.uasset" 710
"E:/FinalProject/GoldMaster/LadyGM/Content/Geometry/Meshes/SM_Boss_Enclosure.uasset" 711
"E:/FinalProject/GoldMaster/LadyGM/Content/Particles/P_Boss_Enclosure.uasset" 712
"E:/FinalProject/GoldMaster/LadyGM/Content/Boss/BossEnclosure_BP.uasset" 713
"E:/FinalProject/GoldMaster/LadyGM/Content/Boss/BossPillarsAndCrystals/NavTest_BP.uasset" 714
"E:/FinalProject/GoldMaster/LadyGM/Content/Enemies/Waypoint_BP.uasset" 715
"E:/FinalProject/GoldMaster/LadyGM/Content/Player/CheckpointsAndTeleporter/SandBoxToPoolTeleporter.uasset" 716
"../../../Engine/Content/EngineSky/C_Sky_Cloud_Color.uasset" 717
"../../../Engine/Content/EngineSky/C_Sky_Horizon_Color.uasset" 718
"../../../Engine/Content/EngineSky/C_Sky_Zenith_Color.uasset" 719
"../../../Engine/Content/EngineSky/T_Sky_Blue.uasset" 720
"../../../Engine/Content/EngineSky/T_Sky_Clouds_M.uasset" 721
"../../../Engine/Content/EngineSky/T_Sky_Stars.uasset" 722
"../../../Engine/Content/EngineSky/M_Sky_Panning_Clouds2.uasset" 723
"../../../Engine/Content/EngineSky/SM_SkySphere.uasset" 724
"../../../Engine/Content/EngineSky/BP_Sky_Sphere.uasset" 725
"E:/FinalProject/GoldMaster/LadyGM/Content/Blueprints/LadyGameMode_BP.uasset" 726
"E:/FinalProject/GoldMaster/LadyGM/Content/Boss/BossPillarsAndCrystals/BossCenterOfStage_BP.uasset" 727
"E:/FinalProject/GoldMaster/LadyGM/Content/Geometry/Textures/Leaf/Petal3_initialShadingGroup_BaseColor.uasset" 728
"E:/FinalProject/GoldMaster/LadyGM/Content/Geometry/Textures/Leaf/Petal3_initialShadingGroup_Normal.uasset" 729
"E:/FinalProject/GoldMaster/LadyGM/Content/Geometry/Materials/Petal3_initialShadingGroup_BaseColor_Mat.uasset" 730
"E:/FinalProject/GoldMaster/LadyGM/Content/Audio/BossLanding.uasset" 731
"E:/FinalProject/GoldMaster/LadyGM/Content/Audio/BossLandingCue.uasset" 732
"E:/FinalProject/GoldMaster/LadyGM/Content/Geometry/Meshes/Leaf3.uasset" 733
"E:/FinalProject/GoldMaster/LadyGM/Content/Geometry/Meshes/SM_leaf_02.uasset" 734
"E:/FinalProject/GoldMaster/LadyGM/Content/Boss/BossPillarsAndCrystals/BossCenterWaypoint_BP.uasset" 735
"E:/FinalProject/GoldMaster/LadyGM/Content/Geometry/Materials/CrystalTest_Mat.uasset" 736
"E:/FinalProject/GoldMaster/LadyGM/Content/Geometry/Materials/MI_CrystalTest.uasset" 737
"E:/FinalProject/GoldMaster/LadyGM/Content/Audio/CrystalDestroyed.uasset" 738
"E:/FinalProject/GoldMaster/LadyGM/Content/Audio/CrystalDestroyedCue.uasset" 739
"E:/FinalProject/GoldMaster/LadyGM/Content/Audio/CrystalHit.uasset" 740
"E:/FinalProject/GoldMaster/LadyGM/Content/Audio/CrystalHit_Cue.uasset" 741
"E:/FinalProject/GoldMaster/LadyGM/Content/Geometry/Meshes/SM_Crysatal.uasset" 742
"E:/FinalProject/GoldMaster/LadyGM/Content/MyParticleSystems/Beam/Mat_Beam.uasset" 743
"E:/FinalProject/GoldMaster/LadyGM/Content/MyParticleSystems/Beam/P_Beam.uasset" 744
"E:/FinalProject/GoldMaster/LadyGM/Content/Geometry/Materials/Patricle_MAts/M_BossFlare_Inst.uasset" 745
"E:/FinalProject/GoldMaster/LadyGM/Content/Geometry/Materials/Patricle_MAts/M_BossFlare_Inst1.uasset" 746
"E:/FinalProject/GoldMaster/LadyGM/Content/Geometry/Materials/WorldGridMaterial.uasset" 747
"E:/FinalProject/GoldMaster/LadyGM/Content/Geometry/Meshes/SM_Particle_HalfSphear.uasset" 748
"E:/FinalProject/GoldMaster/LadyGM/Content/Geometry/Meshes/SM_ParticleDisk.uasset" 749
"E:/FinalProject/GoldMaster/LadyGM/Content/Particles/P_BossCasting.uasset" 750
"E:/FinalProject/GoldMaster/LadyGM/Content/Boss/BossPillarsAndCrystals/BossCrystals_BP.uasset" 751
"E:/FinalProject/GoldMaster/LadyGM/Content/Geometry/Meshes/SM_Leaf_03.uasset" 752
"E:/FinalProject/GoldMaster/LadyGM/Content/Particles/P_Stomp.uasset" 753
"E:/FinalProject/GoldMaster/LadyGM/Content/Boss/BossPillarsAndCrystals/BossWaypoint_BP.uasset" 754
"E:/FinalProject/GoldMaster/LadyGM/Content/Boss/BossPillarsAndCrystals/CenterStageDamageVolume.uasset" 755
"E:/FinalProject/GoldMaster/LadyGM/Content/Audio/PlayerJumpsInWater2.uasset" 756
"E:/FinalProject/GoldMaster/LadyGM/Content/Audio/PlayerJumpsInWaterCue.uasset" 757
"E:/FinalProject/GoldMaster/LadyGM/Content/Boss/BossPillarsAndCrystals/WaterDamageVolume.uasset" 758
"E:/FinalProject/GoldMaster/LadyGM/Content/Audio/PickupSpecial.uasset" 759
"E:/FinalProject/GoldMaster/LadyGM/Content/Audio/PickupSpecialCue.uasset" 760
"E:/FinalProject/GoldMaster/LadyGM/Content/Interactables/StarModel/STAR_m_STAR_BaseColor.uasset" 761
"E:/FinalProject/GoldMaster/LadyGM/Content/Interactables/StarModel/STAR_m_STAR_Emissive.uasset" 762
"E:/FinalProject/GoldMaster/LadyGM/Content/Interactables/StarModel/STAR_m_STAR_Normal.uasset" 763
"E:/FinalProject/GoldMaster/LadyGM/Content/Interactables/StarModel/STAR_m_STAR_OcclusionRoughnessMetallic.uasset" 764
"E:/FinalProject/GoldMaster/LadyGM/Content/Interactables/StarModel/lambert2.uasset" 765
"E:/FinalProject/GoldMaster/LadyGM/Content/Interactables/StarModel/STAR.uasset" 766
"E:/FinalProject/GoldMaster/LadyGM/Content/Particles/P_GoldenLadyBug_Idle_Loop.uasset" 767
"E:/FinalProject/GoldMaster/LadyGM/Content/Geometry/Materials/Patricle_MAts/M_Sparkle.uasset" 768
"E:/FinalProject/GoldMaster/LadyGM/Content/Particles/P_Sparkle.uasset" 769
"E:/FinalProject/GoldMaster/LadyGM/Content/Interactables/StarPickup_BP.uasset" 770
"E:/FinalProject/GoldMaster/LadyGM/Content/Audio/DirtpileDestroyed.uasset" 771
"E:/FinalProject/GoldMaster/LadyGM/Content/Audio/DirtpileDestroyedCue.uasset" 772
"E:/FinalProject/GoldMaster/LadyGM/Content/Interactables/DirtPile_BP.uasset" 773
"E:/FinalProject/GoldMaster/LadyGM/Content/Interactables/FirstDirtPile_BP.uasset" 774
"E:/FinalProject/GoldMaster/LadyGM/Content/Interactables/GoldenLadybug/LadybugTrinket_UV_LadybugTrinket_BaseColor.uasset" 775
"E:/FinalProject/GoldMaster/LadyGM/Content/Interactables/GoldenLadybug/LadybugTrinket_UV_LadybugTrinket_Height.uasset" 776
"E:/FinalProject/GoldMaster/LadyGM/Content/Interactables/GoldenLadybug/LadybugTrinket_UV_LadybugTrinket_Metallic.uasset" 777
"E:/FinalProject/GoldMaster/LadyGM/Content/Interactables/GoldenLadybug/LadybugTrinket_UV_LadybugTrinket_Normal.uasset" 778
"E:/FinalProject/GoldMaster/LadyGM/Content/Interactables/GoldenLadybug/LadybugTrinket_UV_LadybugTrinket_Roughness.uasset" 779
"E:/FinalProject/GoldMaster/LadyGM/Content/Interactables/GoldenLadybug/lambert1.uasset" 780
"E:/FinalProject/GoldMaster/LadyGM/Content/Interactables/GoldenLadybug/LadybugTrinket_UV.uasset" 781
"E:/FinalProject/GoldMaster/LadyGM/Content/Interactables/GoldenLadybug_BP.uasset" 782
"E:/FinalProject/GoldMaster/LadyGM/Content/Geometry/Materials/CrystalTest_Mat_Inst.uasset" 783
"E:/FinalProject/GoldMaster/LadyGM/Content/Interactables/LevelCrystals_BP.uasset" 784
"E:/FinalProject/GoldMaster/LadyGM/Content/Interactables/SpiderWeb2_BP.uasset" 785
"E:/FinalProject/GoldMaster/LadyGM/Content/Player/CheckpointsAndTeleporter/CheckPoint_BP.uasset" 786
"E:/FinalProject/GoldMaster/LadyGM/Content/PopupTextBlueprints/QuestTextOnScreen_BP.uasset" 787
"E:/FinalProject/GoldMaster/LadyGM/Content/PopupTextBlueprints/ShowTextOnScreen_BP.uasset" 788
"E:/FinalProject/GoldMaster/LadyGM/Content/Geometry/Materials/DarkMud_LayerInfo.uasset" 789
"E:/FinalProject/GoldMaster/LadyGM/Content/Geometry/Materials/Grass_LayerInfo.uasset" 790
"E:/FinalProject/GoldMaster/LadyGM/Content/Geometry/Materials/Grass_Rock_LayerInfo.uasset" 791
"E:/FinalProject/GoldMaster/LadyGM/Content/Geometry/Materials/Mud_LayerInfo.uasset" 792
"E:/FinalProject/GoldMaster/LadyGM/Content/Geometry/Materials/Sand_LayerInfo.uasset" 793
"E:/FinalProject/GoldMaster/LadyGM/Content/Geometry/Materials/Sand_LayerInfo2.uasset" 794
"E:/FinalProject/GoldMaster/LadyGM/Content/Maps/Meshes_BuiltData.uasset" 795
"E:/FinalProject/GoldMaster/LadyGM/Content/Geometry/Textures/Bush/Bush_UV_Bush_BaseColor.uasset" 796
"E:/FinalProject/GoldMaster/LadyGM/Content/Geometry/Textures/Bush/Bush_UV_Bush_Normal.uasset" 797
"E:/FinalProject/GoldMaster/LadyGM/Content/Geometry/Materials/Bush_UV_Bush_BaseColor_Mat.uasset" 798
"E:/FinalProject/GoldMaster/LadyGM/Content/Geometry/Textures/LandscapeTextures/NewLandscape/Mud2.uasset" 799
"E:/FinalProject/GoldMaster/LadyGM/Content/Geometry/Textures/LandscapeTextures/NewLandscape/MudDark2.uasset" 800
"E:/FinalProject/GoldMaster/LadyGM/Content/Geometry/Textures/LandscapeTextures/T_LongGrass_BaseColor.uasset" 801
"E:/FinalProject/GoldMaster/LadyGM/Content/Geometry/Textures/LandscapeTextures/T_LongGrass_Normal.uasset" 802
"E:/FinalProject/GoldMaster/LadyGM/Content/Geometry/Textures/LandscapeTextures/T_Mud_Normal.uasset" 803
"E:/FinalProject/GoldMaster/LadyGM/Content/Geometry/Textures/LandscapeTextures/T_Plane_01_1001_Normal.uasset" 804
"E:/FinalProject/GoldMaster/LadyGM/Content/Geometry/Textures/LandscapeTextures/T_Sand_Normal.uasset" 805
"E:/FinalProject/GoldMaster/LadyGM/Content/Geometry/Materials/Landscape_Mat.uasset" 806
"E:/FinalProject/GoldMaster/LadyGM/Content/Geometry/Textures/Deck/T_Deck_BaseColor.uasset" 807
"E:/FinalProject/GoldMaster/LadyGM/Content/Geometry/Textures/Deck/T_Deck_Normal.uasset" 808
"E:/FinalProject/GoldMaster/LadyGM/Content/Geometry/Materials/M_Deck_Mat.uasset" 809
"E:/FinalProject/GoldMaster/LadyGM/Content/Geometry/Textures/DogRoof/T_DogRoof_BaseColor.uasset" 810
"E:/FinalProject/GoldMaster/LadyGM/Content/Geometry/Textures/DogRoof/T_DogRoof_Normal.uasset" 811
"E:/FinalProject/GoldMaster/LadyGM/Content/Geometry/Materials/M_DogRoof_BaseColor_Mat.uasset" 812
"E:/FinalProject/GoldMaster/LadyGM/Content/Geometry/Materials/M_Grass.uasset" 813
"E:/FinalProject/GoldMaster/LadyGM/Content/Geometry/Textures/Pool/T_Pool_1001_BaseColor.uasset" 814
"E:/FinalProject/GoldMaster/LadyGM/Content/Geometry/Textures/T_Pool_1001_BaseColor.uasset" 815
"E:/FinalProject/GoldMaster/LadyGM/Content/Geometry/Materials/M_Pool_1001_BaseColor_Mat.uasset" 816
"E:/FinalProject/GoldMaster/LadyGM/Content/Geometry/Textures/RoofFace/T_Roof_Face_Dog_BaseColor.uasset" 817
"E:/FinalProject/GoldMaster/LadyGM/Content/Geometry/Textures/RoofFace/T_Roof_Face_Dog_Normal.uasset" 818
"E:/FinalProject/GoldMaster/LadyGM/Content/Geometry/Materials/M_Roof_Face_Dog_BaseColor_Mat.uasset" 819
"E:/FinalProject/GoldMaster/LadyGM/Content/Geometry/Textures/RoofFace/T_Roof_Face_UV_1001_BaseColor.uasset" 820
"E:/FinalProject/GoldMaster/LadyGM/Content/Geometry/Textures/RoofFace/T_Roof_Face_UV_1001_Normal.uasset" 821
"E:/FinalProject/GoldMaster/LadyGM/Content/Geometry/Materials/M_Roof_Face_UV_1001_BaseColor_Mat.uasset" 822
"E:/FinalProject/GoldMaster/LadyGM/Content/Geometry/Textures/Shed/T_ShedRoof_BaseColor.uasset" 823
"E:/FinalProject/GoldMaster/LadyGM/Content/Geometry/Textures/Shed/T_ShedRoof_Normal.uasset" 824
"E:/FinalProject/GoldMaster/LadyGM/Content/Geometry/Materials/M_ShedRoof_BaseColor_Mat.uasset" 825
"E:/FinalProject/GoldMaster/LadyGM/Content/Geometry/Textures/House/T_Wal_Doorl_UV_1001_BaseColor.uasset" 826
"E:/FinalProject/GoldMaster/LadyGM/Content/Geometry/Textures/House/T_Wal_Doorl_UV_1001_Normal.uasset" 827
"E:/FinalProject/GoldMaster/LadyGM/Content/Geometry/Materials/M_Wal_Doorl_UV_1001_BaseColor_Mat.uasset" 828
"E:/FinalProject/GoldMaster/LadyGM/Content/Geometry/Textures/DogRoof/T_Wall_DogHouse_UV_1001_BaseColor.uasset" 829
"E:/FinalProject/GoldMaster/LadyGM/Content/Geometry/Textures/DogRoof/T_Wall_DogHouse_UV_1001_Normal.uasset" 830
"E:/FinalProject/GoldMaster/LadyGM/Content/Geometry/Materials/M_Wall_DogHouse_UV_1001_BaseColor_Mat.uasset" 831
"E:/FinalProject/GoldMaster/LadyGM/Content/Geometry/Textures/House/T_Wall_L_Window_UV_1001_BaseColor.uasset" 832
"E:/FinalProject/GoldMaster/LadyGM/Content/Geometry/Textures/House/T_Wall_L_Window_UV_1001_Normal.uasset" 833
"E:/FinalProject/GoldMaster/LadyGM/Content/Geometry/Materials/M_Wall_L_Window_UV_1001_BaseColor_Mat.uasset" 834
"E:/FinalProject/GoldMaster/LadyGM/Content/Geometry/Textures/House/T_Wall_R_Window_UV_1001_BaseColor.uasset" 835
"E:/FinalProject/GoldMaster/LadyGM/Content/Geometry/Textures/House/T_Wall_R_Window_UV_1001_Normal.uasset" 836
"E:/FinalProject/GoldMaster/LadyGM/Content/Geometry/Materials/M_Wall_R_Window_UV_1001_BaseColor_Mat.uasset" 837
"E:/FinalProject/GoldMaster/LadyGM/Content/Geometry/Textures/Shed/T_Wall_Sehd_Doorl_UV_1001_Normal.uasset" 838
"E:/FinalProject/GoldMaster/LadyGM/Content/Geometry/Textures/Shed/T_Wall_Shed_Doorl_UV_1001_BaseColor.uasset" 839
"E:/FinalProject/GoldMaster/LadyGM/Content/Geometry/Materials/M_Wall_Shed_Doorl_UV_1001_BaseColor_Mat.uasset" 840
"E:/FinalProject/GoldMaster/LadyGM/Content/Geometry/Textures/Shed/T_Wall__Shed_UV_1001_Normal.uasset" 841
"E:/FinalProject/GoldMaster/LadyGM/Content/Geometry/Textures/Shed/T_Wall_Shed_UV_1001_BaseColor.uasset" 842
"E:/FinalProject/GoldMaster/LadyGM/Content/Geometry/Materials/M_Wall_Shed_UV_1001_BaseColor_Mat.uasset" 843
"E:/FinalProject/GoldMaster/LadyGM/Content/Geometry/Textures/House/T_Wall_UV_1001_BaseColor.uasset" 844
"E:/FinalProject/GoldMaster/LadyGM/Content/Geometry/Textures/House/T_Wall_UV_1001_Normal.uasset" 845
"E:/FinalProject/GoldMaster/LadyGM/Content/Geometry/Materials/M_Wall_UV_1001_BaseColor_Mat.uasset" 846
"E:/FinalProject/GoldMaster/LadyGM/Content/Geometry/Textures/House/T_Wall_Window_UV_1001_BaseColor.uasset" 847
"E:/FinalProject/GoldMaster/LadyGM/Content/Geometry/Textures/House/T_Wall_Window_UV_1001_Normal.uasset" 848
"E:/FinalProject/GoldMaster/LadyGM/Content/Geometry/Materials/M_Wall_Window_UV_1001_BaseColor_Mat.uasset" 849
"E:/FinalProject/GoldMaster/LadyGM/Content/Geometry/Materials/M_White.uasset" 850
"E:/FinalProject/GoldMaster/LadyGM/Content/Geometry/Textures/Pumpkin/Pumpkin_HPM_UV_Pumpkin_BaseColor.uasset" 851
"E:/FinalProject/GoldMaster/LadyGM/Content/Geometry/Textures/Pumpkin/Pumpkin_HPM_UV_Pumpkin_HPM_BaseColor.uasset" 852
"E:/FinalProject/GoldMaster/LadyGM/Content/Geometry/Textures/Pumpkin/Pumpkin_HPM_UV_Pumpkin_HPM_Normal.uasset" 853
"E:/FinalProject/GoldMaster/LadyGM/Content/Geometry/Materials/Pumpkin_HPM_UV_Pumpkin_HPM_BaseColor_Mat.uasset" 854
"E:/FinalProject/GoldMaster/LadyGM/Content/Geometry/Textures/Bucket/SM_Bucket_1001_BaseColor.uasset" 855
"E:/FinalProject/GoldMaster/LadyGM/Content/Geometry/Textures/Bucket/SM_Bucket_1001_Metallic.uasset" 856
"E:/FinalProject/GoldMaster/LadyGM/Content/Geometry/Textures/Bucket/SM_Bucket_1001_Normal.uasset" 857
"E:/FinalProject/GoldMaster/LadyGM/Content/Geometry/Textures/Bucket/SM_Bucket_1001_Roughness.uasset" 858
"E:/FinalProject/GoldMaster/LadyGM/Content/Geometry/Materials/SM_Bucket_1001_BaseColor_Mat.uasset" 859
"E:/FinalProject/GoldMaster/LadyGM/Content/Geometry/Materials/SM_Bucket_1001_BaseColor_Mat1.uasset" 860
"E:/FinalProject/GoldMaster/LadyGM/Content/Geometry/Textures/BugHous/SM_Bug_House_1001_BaseColor.uasset" 861
"E:/FinalProject/GoldMaster/LadyGM/Content/Geometry/Textures/BugHous/SM_Bug_House_1001_Normal.uasset" 862
"E:/FinalProject/GoldMaster/LadyGM/Content/Geometry/Materials/SM_Bug_House_1001_BaseColor_Mat.uasset" 863
"E:/FinalProject/GoldMaster/LadyGM/Content/Geometry/Textures/Carrot/SM_Carrot_1001_BaseColor.uasset" 864
"E:/FinalProject/GoldMaster/LadyGM/Content/Geometry/Textures/Carrot/SM_Carrot_1001_Normal.uasset" 865
"E:/FinalProject/GoldMaster/LadyGM/Content/Geometry/Materials/SM_Carrot_1001_BaseColor_Mat.uasset" 866
"E:/FinalProject/GoldMaster/LadyGM/Content/Geometry/Textures/Carrot/SM_Carrot_Leaf_1001_BaseColor.uasset" 867
"E:/FinalProject/GoldMaster/LadyGM/Content/Geometry/Textures/Carrot/SM_Carrot_Leaf_1001_Normal.uasset" 868
"E:/FinalProject/GoldMaster/LadyGM/Content/Geometry/Materials/SM_Carrot_Leaf_1001_BaseColor_Mat.uasset" 869
"E:/FinalProject/GoldMaster/LadyGM/Content/Geometry/Textures/Fence/SM_Fence_1001_BaseColor.uasset" 870
"E:/FinalProject/GoldMaster/LadyGM/Content/Geometry/Textures/Fence/SM_Fence_1001_Height.uasset" 871
"E:/FinalProject/GoldMaster/LadyGM/Content/Geometry/Textures/Fence/SM_Fence_1001_Normal.uasset" 872
"E:/FinalProject/GoldMaster/LadyGM/Content/Geometry/Textures/Fence/SM_Fence_1001_Roughness.uasset" 873
"E:/FinalProject/GoldMaster/LadyGM/Content/Geometry/Materials/SM_Fence_1001_BaseColor_Mat.uasset" 874
"E:/FinalProject/GoldMaster/LadyGM/Content/Geometry/Textures/Shovel/SM_Shovel_1001_BaseColor.uasset" 875
"E:/FinalProject/GoldMaster/LadyGM/Content/Geometry/Textures/Shovel/SM_Shovel_1001_Metallic.uasset" 876
"E:/FinalProject/GoldMaster/LadyGM/Content/Geometry/Textures/Shovel/SM_Shovel_1001_Normal.uasset" 877
"E:/FinalProject/GoldMaster/LadyGM/Content/Geometry/Textures/Shovel/SM_Shovel_1001_Roughness.uasset" 878
"E:/FinalProject/GoldMaster/LadyGM/Content/Geometry/Materials/SM_Shovel_1001_BaseColor_Mat.uasset" 879
"E:/FinalProject/GoldMaster/LadyGM/Content/Geometry/Materials/SM_Shovel_1001_BaseColor_Mat1.uasset" 880
"E:/FinalProject/GoldMaster/LadyGM/Content/Geometry/Textures/Stick/SM_Skick_01_1001_BaseColor.uasset" 881
"E:/FinalProject/GoldMaster/LadyGM/Content/Geometry/Textures/Stick/SM_Skick_01_1001_Normal.uasset" 882
"E:/FinalProject/GoldMaster/LadyGM/Content/Geometry/Materials/SM_Skick_01_1001_BaseColor_Mat.uasset" 883
"E:/FinalProject/GoldMaster/LadyGM/Content/Geometry/Textures/Tree/SM_TreeTrunk_1001_BaseColor.uasset" 884
"E:/FinalProject/GoldMaster/LadyGM/Content/Geometry/Textures/Tree/SM_TreeTrunk_1001_Height.uasset" 885
"E:/FinalProject/GoldMaster/LadyGM/Content/Geometry/Textures/Tree/SM_TreeTrunk_1001_Metallic.uasset" 886
"E:/FinalProject/GoldMaster/LadyGM/Content/Geometry/Textures/Tree/SM_TreeTrunk_1001_Normal.uasset" 887
"E:/FinalProject/GoldMaster/LadyGM/Content/Geometry/Textures/Tree/SM_TreeTrunk_1001_Roughness.uasset" 888
"E:/FinalProject/GoldMaster/LadyGM/Content/Geometry/Materials/SM_TreeTrunk_1001_BaseColor_Mat.uasset" 889
"E:/FinalProject/GoldMaster/LadyGM/Content/Geometry/Textures/Deck/T_Wood_BaseColor.uasset" 890
"E:/FinalProject/GoldMaster/LadyGM/Content/Geometry/Textures/Deck/T_Wood_Normal.uasset" 891
"E:/FinalProject/GoldMaster/LadyGM/Content/Geometry/Materials/T_Wood_BaseColor_Mat.uasset" 892
"E:/FinalProject/GoldMaster/LadyGM/Content/Geometry/Textures/LandscapeTextures/T_Sand_BaseColor.uasset" 893
"E:/FinalProject/GoldMaster/LadyGM/Content/Geometry/Textures/LandscapeTextures/T_Sand_BaseColor_Mat.uasset" 894
"E:/FinalProject/GoldMaster/LadyGM/Content/Geometry/Textures/Stick/SM_Stick_02_1001_BaseColor.uasset" 895
"E:/FinalProject/GoldMaster/LadyGM/Content/Geometry/Textures/Stick/SM_Stick_02_1001_Height.uasset" 896
"E:/FinalProject/GoldMaster/LadyGM/Content/Geometry/Textures/Stick/SM_Stick_02_1001_Normal.uasset" 897
"E:/FinalProject/GoldMaster/LadyGM/Content/Geometry/Textures/Stick/SM_Stick_02_1001_Roughness.uasset" 898
"E:/FinalProject/GoldMaster/LadyGM/Content/Geometry/Textures/Stick/SM_Stick_02_1001_BaseColor_Mat.uasset" 899
"E:/FinalProject/GoldMaster/LadyGM/Content/Geometry/Textures/GardenBoards_Base.uasset" 900
"E:/FinalProject/GoldMaster/LadyGM/Content/Geometry/Textures/GardenBoards_Normal.uasset" 901
"E:/FinalProject/GoldMaster/LadyGM/Content/Geometry/Textures/T_Plane_01_1001_BaseColor.uasset" 902
"E:/FinalProject/GoldMaster/LadyGM/Content/Geometry/Textures/T_Plane_01_1001_Normal.uasset" 903
"E:/FinalProject/GoldMaster/LadyGM/Content/Geometry/Textures/T_Plane_01_1001_BaseColor_Mat.uasset" 904
"E:/FinalProject/GoldMaster/LadyGM/Content/Player/Materials/m_ShellPlayerNPC1.uasset" 905
"E:/FinalProject/GoldMaster/LadyGM/Content/Player/Materials/m_ShellPlayerNPC2.uasset" 906
"E:/FinalProject/GoldMaster/LadyGM/Content/Geometry/Materials/Water/M_PoolWater.uasset" 907
"E:/FinalProject/GoldMaster/LadyGM/Content/Geometry/Materials/Water/M_PoolWater_Inst.uasset" 908
"../../../Engine/Content/EngineMaterials/DefaultPhysicalMaterial.uasset" 909
"../../../Engine/Content/EngineSounds/ReverbSettings/Plain.uasset" 910
"E:/FinalProject/GoldMaster/LadyGM/Content/Audio/BackgroundMusic.uasset" 911
"E:/FinalProject/GoldMaster/LadyGM/Content/Audio/BackgroundMusicCue.uasset" 912
"E:/FinalProject/GoldMaster/LadyGM/Content/Audio/BossMusic.uasset" 913
"E:/FinalProject/GoldMaster/LadyGM/Content/Audio/BossMusicCue.uasset" 914
"E:/FinalProject/GoldMaster/LadyGM/Content/Audio/PoolAtten.uasset" 915
"E:/FinalProject/GoldMaster/LadyGM/Content/Audio/SandboxAtten.uasset" 916
"E:/FinalProject/GoldMaster/LadyGM/Content/Audio/VillageGardenAtten.uasset" 917
"E:/FinalProject/GoldMaster/LadyGM/Content/Geometry/Albemic/SM_Grass_01.uasset" 918
"E:/FinalProject/GoldMaster/LadyGM/Content/Geometry/Meshes/Bush_Model.uasset" 919
"E:/FinalProject/GoldMaster/LadyGM/Content/Geometry/Meshes/SM_Bucket.uasset" 920
"E:/FinalProject/GoldMaster/LadyGM/Content/Geometry/Meshes/SM_Bug_House_SM_BugDoor.uasset" 921
"E:/FinalProject/GoldMaster/LadyGM/Content/Geometry/Meshes/SM_Bug_House_SM_BugHouse.uasset" 922
"E:/FinalProject/GoldMaster/LadyGM/Content/Geometry/Meshes/SM_Bug_House_SM_BugWindow.uasset" 923
"E:/FinalProject/GoldMaster/LadyGM/Content/Geometry/Meshes/SM_Carrot_Final_Carrot.uasset" 924
"E:/FinalProject/GoldMaster/LadyGM/Content/Geometry/Meshes/SM_Carrot_Final_Leaf.uasset" 925
"E:/FinalProject/GoldMaster/LadyGM/Content/Geometry/Meshes/SM_Carrot_Final_Leaf1.uasset" 926
"E:/FinalProject/GoldMaster/LadyGM/Content/Geometry/Meshes/SM_Carrot_Final_Leaf10.uasset" 927
"E:/FinalProject/GoldMaster/LadyGM/Content/Geometry/Meshes/SM_Carrot_Final_Leaf11.uasset" 928
"E:/FinalProject/GoldMaster/LadyGM/Content/Geometry/Meshes/SM_Carrot_Final_Leaf12.uasset" 929
"E:/FinalProject/GoldMaster/LadyGM/Content/Geometry/Meshes/SM_Carrot_Final_Leaf13.uasset" 930
"E:/FinalProject/GoldMaster/LadyGM/Content/Geometry/Meshes/SM_Carrot_Final_Leaf14.uasset" 931
"E:/FinalProject/GoldMaster/LadyGM/Content/Geometry/Meshes/SM_Carrot_Final_Leaf15.uasset" 932
"E:/FinalProject/GoldMaster/LadyGM/Content/Geometry/Meshes/SM_Carrot_Final_Leaf16.uasset" 933
"E:/FinalProject/GoldMaster/LadyGM/Content/Geometry/Meshes/SM_Carrot_Final_Leaf17.uasset" 934
"E:/FinalProject/GoldMaster/LadyGM/Content/Geometry/Meshes/SM_Carrot_Final_Leaf2.uasset" 935
"E:/FinalProject/GoldMaster/LadyGM/Content/Geometry/Meshes/SM_Carrot_Final_Leaf3.uasset" 936
"E:/FinalProject/GoldMaster/LadyGM/Content/Geometry/Meshes/SM_Carrot_Final_Leaf4.uasset" 937
"E:/FinalProject/GoldMaster/LadyGM/Content/Geometry/Meshes/SM_Carrot_Final_Leaf5.uasset" 938
"E:/FinalProject/GoldMaster/LadyGM/Content/Geometry/Meshes/SM_Carrot_Final_Leaf6.uasset" 939
"E:/FinalProject/GoldMaster/LadyGM/Content/Geometry/Meshes/SM_Carrot_Final_Leaf7.uasset" 940
"E:/FinalProject/GoldMaster/LadyGM/Content/Geometry/Meshes/SM_Carrot_Final_Leaf8.uasset" 941
"E:/FinalProject/GoldMaster/LadyGM/Content/Geometry/Meshes/SM_Carrot_Final_Leaf9.uasset" 942
"E:/FinalProject/GoldMaster/LadyGM/Content/Geometry/Meshes/SM_Fence.uasset" 943
"E:/FinalProject/GoldMaster/LadyGM/Content/Maps/lambert1.uasset" 944
"E:/FinalProject/GoldMaster/LadyGM/Content/Geometry/Meshes/SM_Pool_SM_Pool.uasset" 945
"E:/FinalProject/GoldMaster/LadyGM/Content/Geometry/Meshes/SM_Pool_SM_Pool_Ladder.uasset" 946
"E:/FinalProject/GoldMaster/LadyGM/Content/Geometry/Textures/GardenRock/SM_Rock_BaseColor.uasset" 947
"E:/FinalProject/GoldMaster/LadyGM/Content/Geometry/Textures/GardenRock/SM_Rock_Height.uasset" 948
"E:/FinalProject/GoldMaster/LadyGM/Content/Geometry/Textures/GardenRock/SM_Rock_Metallic.uasset" 949
"E:/FinalProject/GoldMaster/LadyGM/Content/Geometry/Textures/GardenRock/SM_Rock_Normal.uasset" 950
"E:/FinalProject/GoldMaster/LadyGM/Content/Geometry/Textures/GardenRock/SM_Rock_Roughness.uasset" 951
"E:/FinalProject/GoldMaster/LadyGM/Content/Geometry/Materials/Rock.uasset" 952
"E:/FinalProject/GoldMaster/LadyGM/Content/Geometry/Meshes/SM_Rock.uasset" 953
"E:/FinalProject/GoldMaster/LadyGM/Content/Geometry/Textures/DesertRock/SM_Rock_Desert_BaseColor.uasset" 954
"E:/FinalProject/GoldMaster/LadyGM/Content/Geometry/Textures/DesertRock/SM_Rock_Desert_Height.uasset" 955
"E:/FinalProject/GoldMaster/LadyGM/Content/Geometry/Textures/DesertRock/SM_Rock_Desert_Metallic.uasset" 956
"E:/FinalProject/GoldMaster/LadyGM/Content/Geometry/Textures/DesertRock/SM_Rock_Desert_Normal.uasset" 957
"E:/FinalProject/GoldMaster/LadyGM/Content/Geometry/Textures/DesertRock/SM_Rock_Desert_Roughness.uasset" 958
"E:/FinalProject/GoldMaster/LadyGM/Content/Geometry/Materials/Rock_Desert.uasset" 959
"E:/FinalProject/GoldMaster/LadyGM/Content/Geometry/Meshes/SM_Rock2.uasset" 960
"E:/FinalProject/GoldMaster/LadyGM/Content/Geometry/Meshes/SM_Roof_Face_UV.uasset" 961
"E:/FinalProject/GoldMaster/LadyGM/Content/Geometry/Meshes/SM_Roof_UV.uasset" 962
"E:/FinalProject/GoldMaster/LadyGM/Content/Geometry/Meshes/SM_Shovel.uasset" 963
"E:/FinalProject/GoldMaster/LadyGM/Content/Geometry/Meshes/SM_Skick_01.uasset" 964
"E:/FinalProject/GoldMaster/LadyGM/Content/Geometry/Meshes/Branch_A3.uasset" 965
"E:/FinalProject/GoldMaster/LadyGM/Content/Geometry/Meshes/SM_Stick_02.uasset" 966
"E:/FinalProject/GoldMaster/LadyGM/Content/Geometry/Meshes/Branch_D4.uasset" 967
"E:/FinalProject/GoldMaster/LadyGM/Content/Geometry/Meshes/SM_Stick_04.uasset" 968
"E:/FinalProject/GoldMaster/LadyGM/Content/Geometry/Meshes/SM_TreeTrunk.uasset" 969
"E:/FinalProject/GoldMaster/LadyGM/Content/Geometry/Meshes/SM_Wal_Doorl_UV.uasset" 970
"E:/FinalProject/GoldMaster/LadyGM/Content/Geometry/Meshes/SM_Wall_L_Window_UV.uasset" 971
"E:/FinalProject/GoldMaster/LadyGM/Content/Geometry/Meshes/SM_Wall_R_Window_UV.uasset" 972
"E:/FinalProject/GoldMaster/LadyGM/Content/Geometry/Meshes/SM_Wall_UV.uasset" 973
"E:/FinalProject/GoldMaster/LadyGM/Content/Geometry/Meshes/SM_Wall_Window_UV.uasset" 974
"E:/FinalProject/GoldMaster/LadyGM/Content/Geometry/Meshes/SM_Water.uasset" 975
"E:/FinalProject/GoldMaster/LadyGM/Content/Geometry/Textures/Pumpkin/lambert1.uasset" 976
"E:/FinalProject/GoldMaster/LadyGM/Content/Geometry/Textures/Pumpkin/DavidS.uasset" 977
"E:/FinalProject/GoldMaster/LadyGM/Content/Maps/Meshes.umap" 978
"E:/FinalProject/GoldMaster/LadyGM/Content/Mannequin/Animations/ThirdPerson_Jump.uasset" 979
"E:/FinalProject/GoldMaster/LadyGM/Content/Mannequin/Animations/ThirdPersonJump_Loop.uasset" 980
"E:/FinalProject/GoldMaster/LadyGM/Content/Mannequin/Animations/ThirdPersonJump_Start.uasset" 981
"E:/FinalProject/GoldMaster/LadyGM/Content/Mannequin/Animations/ThirdPersonIdle.uasset" 982
"E:/FinalProject/GoldMaster/LadyGM/Content/Mannequin/Animations/ThirdPersonRun.uasset" 983
"E:/FinalProject/GoldMaster/LadyGM/Content/Mannequin/Animations/ThirdPersonWalk.uasset" 984
"E:/FinalProject/GoldMaster/LadyGM/Content/Mannequin/Animations/ThirdPerson_IdleRun_2D.uasset" 985
"E:/FinalProject/GoldMaster/LadyGM/Content/Mannequin/Animations/ThirdPerson_AnimBP.uasset" 986
"../../../Engine/Content/Functions/Engine_MaterialFunctions02/Utility/BlendAngleCorrectedNormals.uasset" 987
"../../../Engine/Content/Functions/MaterialLayerFunctions/MatLayerBlend_NormalBlend.uasset" 988
"../../../Engine/Content/Functions/MaterialLayerFunctions/MatLayerBlend_Simple.uasset" 989
"E:/FinalProject/GoldMaster/LadyGM/Content/Mannequin/Character/Materials/MaterialLayers/T_ML_Rubber_Blue_01_D.uasset" 990
"E:/FinalProject/GoldMaster/LadyGM/Content/Mannequin/Character/Materials/MaterialLayers/T_ML_Rubber_Blue_01_N.uasset" 991
"E:/FinalProject/GoldMaster/LadyGM/Content/Mannequin/Character/Materials/MaterialLayers/ML_GlossyBlack_Latex_UE4.uasset" 992
"E:/FinalProject/GoldMaster/LadyGM/Content/Mannequin/Character/Materials/MaterialLayers/ML_Plastic_Shiny_Beige.uasset" 993
"E:/FinalProject/GoldMaster/LadyGM/Content/Mannequin/Character/Textures/UE4_LOGO_CARD.uasset" 994
"E:/FinalProject/GoldMaster/LadyGM/Content/Mannequin/Character/Materials/MaterialLayers/ML_Plastic_Shiny_Beige_LOGO.uasset" 995
"E:/FinalProject/GoldMaster/LadyGM/Content/Mannequin/Character/Materials/MaterialLayers/T_ML_Aluminum01.uasset" 996
"E:/FinalProject/GoldMaster/LadyGM/Content/Mannequin/Character/Materials/MaterialLayers/T_ML_Aluminum01_N.uasset" 997
"E:/FinalProject/GoldMaster/LadyGM/Content/Mannequin/Character/Materials/MaterialLayers/ML_SoftMetal_UE4.uasset" 998
"E:/FinalProject/GoldMaster/LadyGM/Content/Mannequin/Character/Textures/UE4_Mannequin__normals.uasset" 999
"E:/FinalProject/GoldMaster/LadyGM/Content/Mannequin/Character/Textures/UE4_Mannequin_MAT_MASKA.uasset" 1000
"E:/FinalProject/GoldMaster/LadyGM/Content/Mannequin/Character/Materials/M_UE4Man_Body.uasset" 1001
"E:/FinalProject/GoldMaster/LadyGM/Content/Mannequin/Character/Textures/UE4Man_Logo_N.uasset" 1002
"E:/FinalProject/GoldMaster/LadyGM/Content/Mannequin/Character/Materials/M_UE4Man_ChestLogo.uasset" 1003
"E:/FinalProject/GoldMaster/LadyGM/Content/Mannequin/Character/Mesh/SK_Mannequin_PhysicsAsset.uasset" 1004
"E:/FinalProject/GoldMaster/LadyGM/Content/Mannequin/Character/Mesh/SK_Mannequin.uasset" 1005
"E:/FinalProject/GoldMaster/LadyGM/Content/ThirdPersonCPP/Blueprints/ThirdPersonCharacter.uasset" 1006
"E:/FinalProject/GoldMaster/LadyGM/Content/ThirdPersonCPP/Maps/ThirdPersonExampleMap_BuiltData.uasset" 1007
"E:/FinalProject/GoldMaster/LadyGM/Content/Geometry/Meshes/CubeMaterial.uasset" 1008
"E:/FinalProject/GoldMaster/LadyGM/Content/Geometry/Meshes/1M_Cube.uasset" 1009
"E:/FinalProject/GoldMaster/LadyGM/Content/Geometry/Meshes/1M_Cube_Chamfer.uasset" 1010
"E:/FinalProject/GoldMaster/LadyGM/Content/Geometry/Meshes/TemplateFloor.uasset" 1011
"E:/FinalProject/GoldMaster/LadyGM/Content/ThirdPerson/Meshes/RampMaterial.uasset" 1012
"E:/FinalProject/GoldMaster/LadyGM/Content/ThirdPerson/Meshes/Bump_StaticMesh.uasset" 1013
"E:/FinalProject/GoldMaster/LadyGM/Content/ThirdPerson/Meshes/LeftArm_StaticMesh.uasset" 1014
"E:/FinalProject/GoldMaster/LadyGM/Content/ThirdPerson/Meshes/Linear_Stair_StaticMesh.uasset" 1015
"E:/FinalProject/GoldMaster/LadyGM/Content/ThirdPerson/Meshes/Ramp_StaticMesh.uasset" 1016
"E:/FinalProject/GoldMaster/LadyGM/Content/ThirdPerson/Meshes/RightArm_StaticMesh.uasset" 1017
"E:/FinalProject/GoldMaster/LadyGM/Content/ThirdPersonCPP/Maps/ThirdPersonExampleMap.umap" 1018
"../../../Engine/Content/Maps/Entry_BuiltData.uasset" 1019
"../../../Engine/Content/Maps/Entry.umap" 1020
